============================= test session starts ==============================
platform linux -- Python 3.10.19, pytest-9.0.2, pluggy-1.6.0 -- /root/.pyenv/versions/3.10.19/bin/python
cachedir: .pytest_cache
rootdir: /workspace/ImageConverter
configfile: pytest.ini
collecting ... collected 1 item

tests/test_image_composite_converter.py::test_ac08_semantic_anchor_variants_convert_without_failed_svg 
--- Verarbeite AC0811_S.jpg ---
Bildbeschreibung: Kelle, ohne Text Kreis oben, Griff nach unten (dunkelgraue Liine)
Befehl erkannt: SEMANTIC: Kreis ohne Buchstabe, SEMANTIC: senkrechter Strich hinter dem Kreis

--- Verarbeite AC0811_L.jpg ---
Bildbeschreibung: Kelle, ohne Text Kreis oben, Griff nach unten (dunkelgraue Liine)
Befehl erkannt: SEMANTIC: Kreis ohne Buchstabe, SEMANTIC: senkrechter Strich hinter dem Kreis
[WARN] AC0811_L.jpg: Batchlauf setzt nach Fehler fort (TimeoutError: validation_time_budget_exceeded: phase=round_start, round=3, elapsed=99.93s, budget=90.00s)
[INFO] Übersichts-Kacheln erzeugt: diff=/tmp/pytest-of-root/pytest-0/test_ac08_semantic_anchor_vari0/ac0811_out/reports/overview_diff_tiles.png, svg=/tmp/pytest-of-root/pytest-0/test_ac08_semantic_anchor_vari0/ac0811_out/reports/overview_svg_tiles.png
FAILED

=================================== FAILURES ===================================
________ test_ac08_semantic_anchor_variants_convert_without_failed_svg _________

tmp_path = PosixPath('/tmp/pytest-of-root/pytest-0/test_ac08_semantic_anchor_vari0')

    def test_ac08_semantic_anchor_variants_convert_without_failed_svg(tmp_path: Path) -> None:
        """The historical anchor failures AC0811_L and AC0812_M should now render as real SVG outputs."""
        if (
            image_composite_converter.np is None
            or image_composite_converter.cv2 is None
            or image_composite_converter.fitz is None
        ):
            pytest.skip("numpy/cv2/fitz not available in this environment")
    
        images_dir = Path("artifacts/images_to_convert")
        csv_path = images_dir / "Finale_Wurzelformen_V3.xml"
        if not images_dir.exists() or not csv_path.exists():
            pytest.skip("AC08 fixture inputs not available")
    
        output_ac0811 = tmp_path / "ac0811_out"
        result_ac0811 = image_composite_converter.convertRange(
            str(images_dir),
            str(csv_path),
            iterations=4,
            start_ref="AC0811",
            end_ref="AC0811",
            output_root=str(output_ac0811),
        )
    
        assert result_ac0811 == str(output_ac0811)
>       assert (output_ac0811 / "converted_svgs" / "AC0811_L.svg").exists()
E       AssertionError: assert False
E        +  where False = exists()
E        +    where exists = ((PosixPath('/tmp/pytest-of-root/pytest-0/test_ac08_semantic_anchor_vari0/ac0811_out') / 'converted_svgs') / 'AC0811_L.svg').exists

tests/test_image_composite_converter.py:7291: AssertionError
=============================== warnings summary ===============================
<frozen importlib._bootstrap>:241
<frozen importlib._bootstrap>:241
  <frozen importlib._bootstrap>:241: DeprecationWarning: builtin type SwigPyPacked has no __module__ attribute

<frozen importlib._bootstrap>:241
<frozen importlib._bootstrap>:241
  <frozen importlib._bootstrap>:241: DeprecationWarning: builtin type SwigPyObject has no __module__ attribute

<frozen importlib._bootstrap>:241
  <frozen importlib._bootstrap>:241: DeprecationWarning: builtin type swigvarlink has no __module__ attribute

-- Docs: https://docs.pytest.org/en/stable/how-to/capture-warnings.html
============================== slowest durations ===============================
177.84s call     tests/test_image_composite_converter.py::test_ac08_semantic_anchor_variants_convert_without_failed_svg
0.01s setup    tests/test_image_composite_converter.py::test_ac08_semantic_anchor_variants_convert_without_failed_svg
0.00s teardown tests/test_image_composite_converter.py::test_ac08_semantic_anchor_variants_convert_without_failed_svg
=========================== short test summary info ============================
FAILED tests/test_image_composite_converter.py::test_ac08_semantic_anchor_variants_convert_without_failed_svg - AssertionError: assert False
 +  where False = exists()
 +    where exists = ((PosixPath('/tmp/pytest-of-root/pytest-0/test_ac08_semantic_anchor_vari0/ac0811_out') / 'converted_svgs') / 'AC0811_L.svg').exists
================== 1 failed, 5 warnings in 184.07s (0:03:04) ===================
