============================= test session starts ==============================
platform linux -- Python 3.10.19, pytest-9.0.2, pluggy-1.6.0 -- /root/.pyenv/versions/3.10.19/bin/python
cachedir: .pytest_cache
rootdir: /workspace/ImageConverter
configfile: pytest.ini
collecting ... collected 1 item

tests/test_image_composite_converter.py::test_ac08_semantic_anchor_variants_convert_without_failed_svg 
--- Verarbeite AC0811_L.jpg ---
Bildbeschreibung: Kelle, ohne Text Kreis oben, Griff nach unten (dunkelgraue Liine)
Befehl erkannt: SEMANTIC: Kreis ohne Buchstabe, SEMANTIC: senkrechter Strich hinter dem Kreis
[ANCHOR_DEBUG] anchor_telemetry[AC0811] HEARTBEAT phase=round_start, round=2, elapsed=43.96s, remaining=46.04s
[ANCHOR_DEBUG] anchor_telemetry[AC0811] HEARTBEAT phase=round_start, round=3, elapsed=84.43s, remaining=5.57s

--- Verarbeite AC0811_S.jpg ---
Bildbeschreibung: Kelle, ohne Text Kreis oben, Griff nach unten (dunkelgraue Liine)
Befehl erkannt: SEMANTIC: Kreis ohne Buchstabe, SEMANTIC: senkrechter Strich hinter dem Kreis
[ANCHOR_DEBUG] anchor_telemetry[AC0811] HEARTBEAT phase=round_start, round=2, elapsed=35.57s, remaining=54.43s

--- Verarbeite AC0811_M.jpg ---
Bildbeschreibung: Kelle, ohne Text Kreis oben, Griff nach unten (dunkelgraue Liine)
Befehl erkannt: SEMANTIC: Kreis ohne Buchstabe, SEMANTIC: senkrechter Strich hinter dem Kreis
[ANCHOR_DEBUG] anchor_telemetry[AC0811] HEARTBEAT phase=round_start, round=2, elapsed=42.24s, remaining=47.76s
[ANCHOR_DEBUG] anchor_telemetry[AC0811] HEARTBEAT phase=round_start, round=3, elapsed=73.43s, remaining=16.57s
