============================= test session starts ==============================
platform linux -- Python 3.10.19, pytest-9.0.2, pluggy-1.6.0 -- /root/.pyenv/versions/3.10.19/bin/python
cachedir: .pytest_cache
rootdir: /workspace/ImageConverter
configfile: pytest.ini
collecting ... collected 1 item

tests/test_image_composite_converter.py::test_ac08_semantic_anchor_variants_convert_without_failed_svg 
--- Verarbeite AC0811_S.jpg ---
Bildbeschreibung: Kelle, ohne Text Kreis oben, Griff nach unten (dunkelgraue Liine)
Befehl erkannt: SEMANTIC: Kreis ohne Buchstabe, SEMANTIC: senkrechter Strich hinter dem Kreis
[ANCHOR_DEBUG] anchor_telemetry[AC0811] full_render round=1, elapsed=0.72s, state=cx=7.500, cy=7.650, r=7.000, stem_width=1.000
[ANCHOR_DEBUG] anchor_telemetry[AC0811] element_render round=1, element=circle, elapsed=0.61s, state=cx=7.500, cy=7.650, r=7.000, stem_width=1.000
[ANCHOR_DEBUG] anchor_telemetry[AC0811] circle_center_start round=1, remaining=88.66s, state=cx=7.500, cy=7.650, r=7.000, stem_width=1.000
[ANCHOR_DEBUG] anchor_telemetry[AC0811] circle_center_end round=1, elapsed=3.91s, remaining=84.76s
[ANCHOR_DEBUG] anchor_telemetry[AC0811] circle_radius_start round=1, remaining=84.76s, state=cx=7.500, cy=7.500, r=7.000, stem_width=1.000
[ANCHOR_DEBUG] anchor_telemetry[AC0811] circle_radius_end round=1, elapsed=0.60s, remaining=84.15s
[ANCHOR_DEBUG] anchor_telemetry[AC0811] element_render round=1, element=stem, elapsed=0.59s, state=cx=7.500, cy=7.500, r=7.000, stem_width=1.000
[ANCHOR_DEBUG] anchor_telemetry[AC0811] HEARTBEAT phase=round_start, round=2, elapsed=36.33s, remaining=53.67s
[ANCHOR_DEBUG] anchor_telemetry[AC0811] full_render round=2, elapsed=0.00s, state=cx=7.500, cy=7.500, r=7.000, stem_width=1.000
[ANCHOR_DEBUG] anchor_telemetry[AC0811] element_render round=2, element=circle, elapsed=0.00s, state=cx=7.500, cy=7.500, r=7.000, stem_width=1.000
[ANCHOR_DEBUG] anchor_telemetry[AC0811] circle_center_start round=2, remaining=53.67s, state=cx=7.500, cy=7.500, r=7.000, stem_width=1.000
[ANCHOR_DEBUG] anchor_telemetry[AC0811] circle_center_end round=2, elapsed=0.01s, remaining=53.66s
[ANCHOR_DEBUG] anchor_telemetry[AC0811] circle_radius_start round=2, remaining=53.66s, state=cx=7.500, cy=7.500, r=7.000, stem_width=1.000
[ANCHOR_DEBUG] anchor_telemetry[AC0811] circle_radius_end round=2, elapsed=0.00s, remaining=53.66s
[ANCHOR_DEBUG] anchor_telemetry[AC0811] element_render round=2, element=stem, elapsed=0.00s, state=cx=7.500, cy=7.500, r=7.000, stem_width=1.000
[ANCHOR_DEBUG] anchor_telemetry[AC0811] full_render round=3, elapsed=0.00s, state=cx=7.500, cy=7.500, r=7.000, stem_width=1.000
[ANCHOR_DEBUG] anchor_telemetry[AC0811] element_render round=3, element=circle, elapsed=0.00s, state=cx=7.500, cy=7.500, r=7.000, stem_width=1.000
[ANCHOR_DEBUG] anchor_telemetry[AC0811] element_render round=3, element=stem, elapsed=0.00s, state=cx=7.500, cy=7.500, r=7.000, stem_width=1.000

--- Verarbeite AC0811_L.jpg ---
Bildbeschreibung: Kelle, ohne Text Kreis oben, Griff nach unten (dunkelgraue Liine)
Befehl erkannt: SEMANTIC: Kreis ohne Buchstabe, SEMANTIC: senkrechter Strich hinter dem Kreis
[ANCHOR_DEBUG] anchor_telemetry[AC0811] full_render round=1, elapsed=0.66s, state=cx=12.500, cy=12.750, r=11.667, stem_width=1.000
[ANCHOR_DEBUG] anchor_telemetry[AC0811] element_render round=1, element=circle, elapsed=0.63s, state=cx=12.500, cy=12.750, r=11.667, stem_width=1.000
[ANCHOR_DEBUG] anchor_telemetry[AC0811] circle_center_start round=1, remaining=88.70s, state=cx=12.500, cy=12.750, r=11.667, stem_width=1.000
[ANCHOR_DEBUG] anchor_telemetry[AC0811] circle_center_end round=1, elapsed=5.80s, remaining=82.90s
[ANCHOR_DEBUG] anchor_telemetry[AC0811] circle_radius_start round=1, remaining=82.90s, state=cx=11.000, cy=16.000, r=11.667, stem_width=1.000
[ANCHOR_DEBUG] anchor_telemetry[AC0811] circle_radius_end round=1, elapsed=0.74s, remaining=82.16s
[ANCHOR_DEBUG] anchor_telemetry[AC0811] element_render round=1, element=stem, elapsed=0.69s, state=cx=11.000, cy=16.000, r=11.000, stem_width=1.000
[ANCHOR_DEBUG] anchor_telemetry[AC0811] HEARTBEAT phase=round_start, round=2, elapsed=44.53s, remaining=45.47s
[ANCHOR_DEBUG] anchor_telemetry[AC0811] full_render round=2, elapsed=0.00s, state=cx=12.500, cy=16.000, r=11.000, stem_width=1.500
[ANCHOR_DEBUG] anchor_telemetry[AC0811] element_render round=2, element=circle, elapsed=0.64s, state=cx=12.500, cy=16.000, r=11.000, stem_width=1.500
[ANCHOR_DEBUG] anchor_telemetry[AC0811] circle_center_start round=2, remaining=44.83s, state=cx=12.500, cy=16.000, r=11.000, stem_width=1.500
[ANCHOR_DEBUG] anchor_telemetry[AC0811] circle_center_end round=2, elapsed=5.58s, remaining=39.24s
[ANCHOR_DEBUG] anchor_telemetry[AC0811] circle_radius_start round=2, remaining=39.24s, state=cx=12.500, cy=16.000, r=11.000, stem_width=1.500
[ANCHOR_DEBUG] anchor_telemetry[AC0811] circle_radius_end round=2, elapsed=1.25s, remaining=38.00s
[ANCHOR_DEBUG] anchor_telemetry[AC0811] element_render round=2, element=stem, elapsed=0.63s, state=cx=12.500, cy=16.000, r=11.000, stem_width=1.500
[ANCHOR_DEBUG] anchor_telemetry[AC0811] HEARTBEAT phase=round_start, round=3, elapsed=83.73s, remaining=6.27s
[ANCHOR_DEBUG] anchor_telemetry[AC0811] full_render round=3, elapsed=0.00s, state=cx=12.500, cy=16.000, r=11.000, stem_width=2.000
[ANCHOR_DEBUG] anchor_telemetry[AC0811] element_render round=3, element=circle, elapsed=0.00s, state=cx=12.500, cy=16.000, r=11.000, stem_width=2.000
[ANCHOR_DEBUG] anchor_telemetry[AC0811] circle_center_start round=3, remaining=6.27s, state=cx=12.500, cy=16.000, r=11.000, stem_width=2.000
[ANCHOR_DEBUG] anchor_telemetry[AC0811] circle_center_end round=3, elapsed=0.01s, remaining=6.26s
[ANCHOR_DEBUG] anchor_telemetry[AC0811] circle_radius_start round=3, remaining=6.26s, state=cx=12.500, cy=16.000, r=11.000, stem_width=2.000
[ANCHOR_DEBUG] anchor_telemetry[AC0811] circle_radius_end round=3, elapsed=0.01s, remaining=6.25s
[ANCHOR_DEBUG] anchor_telemetry[AC0811] element_render round=3, element=stem, elapsed=0.00s, state=cx=12.500, cy=16.000, r=11.000, stem_width=2.000
[ANCHOR_DEBUG] anchor_telemetry[AC0811] full_render round=4, elapsed=0.00s, state=cx=12.500, cy=16.000, r=11.000, stem_width=2.000
[ANCHOR_DEBUG] anchor_telemetry[AC0811] element_render round=4, element=circle, elapsed=0.00s, state=cx=12.500, cy=16.000, r=11.000, stem_width=2.000
[ANCHOR_DEBUG] anchor_telemetry[AC0811] element_render round=4, element=stem, elapsed=0.00s, state=cx=12.500, cy=16.000, r=11.000, stem_width=2.000

--- Verarbeite AC0811_M.jpg ---
Bildbeschreibung: Kelle, ohne Text Kreis oben, Griff nach unten (dunkelgraue Liine)
Befehl erkannt: SEMANTIC: Kreis ohne Buchstabe, SEMANTIC: senkrechter Strich hinter dem Kreis
[ANCHOR_DEBUG] anchor_telemetry[AC0811] full_render round=1, elapsed=0.62s, state=cx=10.000, cy=10.200, r=8.833, stem_width=1.000
[ANCHOR_DEBUG] anchor_telemetry[AC0811] element_render round=1, element=circle, elapsed=0.61s, state=cx=10.000, cy=10.200, r=8.833, stem_width=1.000
[ANCHOR_DEBUG] anchor_telemetry[AC0811] circle_center_start round=1, remaining=88.76s, state=cx=10.000, cy=10.200, r=8.833, stem_width=1.000
[ANCHOR_DEBUG] anchor_telemetry[AC0811] circle_center_end round=1, elapsed=5.71s, remaining=83.05s
[ANCHOR_DEBUG] anchor_telemetry[AC0811] circle_radius_start round=1, remaining=83.05s, state=cx=10.000, cy=12.000, r=8.833, stem_width=1.000
