============================= test session starts ==============================
platform linux -- Python 3.10.19, pytest-9.0.2, pluggy-1.6.0 -- /root/.pyenv/versions/3.10.19/bin/python
cachedir: .pytest_cache
rootdir: /workspace/ImageConverter
configfile: pytest.ini
collecting ... collected 1 item

tests/test_image_composite_converter.py::test_ac08_semantic_anchor_variants_convert_without_failed_svg [ANCHOR_DEBUG] variant_start name=AC0811_L attempt_idx=1

--- Verarbeite AC0811_L.jpg ---
Bildbeschreibung: Kelle, ohne Text Kreis oben, Griff nach unten (dunkelgraue Liine)
Befehl erkannt: SEMANTIC: Kreis ohne Buchstabe, SEMANTIC: senkrechter Strich hinter dem Kreis
[ANCHOR_DEBUG] render_probe call_id=1 status=done returncode=0 timeout_sec=5.00 size=25x45 payload_bytes=341 elapsed=0.61s
[ANCHOR_DEBUG] anchor_telemetry[AC0811] full_render round=1, elapsed=0.61s, state=cx=12.500, cy=12.750, r=11.667, stem_width=1.000
[ANCHOR_DEBUG] render_probe call_id=2 status=done returncode=0 timeout_sec=5.00 size=25x45 payload_bytes=249 elapsed=0.60s
[ANCHOR_DEBUG] anchor_telemetry[AC0811] element_render round=1, element=circle, elapsed=0.60s, state=cx=12.500, cy=12.750, r=11.667, stem_width=1.000
[ANCHOR_DEBUG] anchor_telemetry[AC0811] circle_center_start round=1, remaining=88.78s, state=cx=12.500, cy=12.750, r=11.667, stem_width=1.000
[ANCHOR_DEBUG] render_probe call_id=3 status=done returncode=0 timeout_sec=5.00 size=25x45 payload_bytes=249 elapsed=0.60s
[ANCHOR_DEBUG] render_probe call_id=4 status=done returncode=0 timeout_sec=5.00 size=25x45 payload_bytes=249 elapsed=0.61s
[ANCHOR_DEBUG] render_probe call_id=5 status=done returncode=0 timeout_sec=5.00 size=25x45 payload_bytes=249 elapsed=0.59s
[ANCHOR_DEBUG] render_probe call_id=6 status=done returncode=0 timeout_sec=5.00 size=25x45 payload_bytes=249 elapsed=0.59s
[ANCHOR_DEBUG] render_probe call_id=7 status=done returncode=0 timeout_sec=5.00 size=25x45 payload_bytes=249 elapsed=0.60s
[ANCHOR_DEBUG] render_probe call_id=8 status=done returncode=0 timeout_sec=5.00 size=25x45 payload_bytes=249 elapsed=0.60s
[ANCHOR_DEBUG] render_probe call_id=9 status=done returncode=0 timeout_sec=5.00 size=25x45 payload_bytes=249 elapsed=0.60s
[ANCHOR_DEBUG] render_probe call_id=10 status=done returncode=0 timeout_sec=5.00 size=25x45 payload_bytes=249 elapsed=0.60s
[ANCHOR_DEBUG] render_probe call_id=11 status=done returncode=0 timeout_sec=5.00 size=25x45 payload_bytes=249 elapsed=0.58s
[ANCHOR_DEBUG] anchor_telemetry[AC0811] circle_center_end round=1, elapsed=5.39s, remaining=83.39s
[ANCHOR_DEBUG] anchor_telemetry[AC0811] circle_radius_start round=1, remaining=83.39s, state=cx=11.000, cy=16.000, r=11.667, stem_width=1.000
[ANCHOR_DEBUG] render_probe call_id=12 status=done returncode=0 timeout_sec=5.00 size=25x45 payload_bytes=341 elapsed=0.58s
[ANCHOR_DEBUG] anchor_telemetry[AC0811] circle_radius_end round=1, elapsed=0.59s, remaining=82.80s
[ANCHOR_DEBUG] render_probe call_id=13 status=done returncode=0 timeout_sec=5.00 size=25x45 payload_bytes=224 elapsed=0.61s
[ANCHOR_DEBUG] anchor_telemetry[AC0811] element_render round=1, element=stem, elapsed=0.61s, state=cx=11.000, cy=16.000, r=11.000, stem_width=1.000
[ANCHOR_DEBUG] render_probe call_id=14 status=done returncode=0 timeout_sec=5.00 size=25x45 payload_bytes=224 elapsed=0.62s
[ANCHOR_DEBUG] render_probe call_id=15 status=done returncode=0 timeout_sec=5.00 size=25x45 payload_bytes=224 elapsed=0.61s
[ANCHOR_DEBUG] render_probe call_id=16 status=done returncode=0 timeout_sec=5.00 size=25x45 payload_bytes=224 elapsed=0.62s
[ANCHOR_DEBUG] render_probe call_id=17 status=done returncode=0 timeout_sec=5.00 size=25x45 payload_bytes=224 elapsed=0.68s
[ANCHOR_DEBUG] render_probe call_id=18 status=done returncode=0 timeout_sec=5.00 size=25x45 payload_bytes=224 elapsed=0.67s
[ANCHOR_DEBUG] render_probe call_id=19 status=done returncode=0 timeout_sec=5.00 size=25x45 payload_bytes=224 elapsed=0.64s
[ANCHOR_DEBUG] render_probe call_id=20 status=done returncode=0 timeout_sec=5.00 size=25x45 payload_bytes=341 elapsed=0.60s
[ANCHOR_DEBUG] render_probe call_id=21 status=done returncode=0 timeout_sec=5.00 size=25x45 payload_bytes=337 elapsed=0.60s
[ANCHOR_DEBUG] render_probe call_id=22 status=done returncode=0 timeout_sec=5.00 size=25x45 payload_bytes=339 elapsed=0.60s
[ANCHOR_DEBUG] render_probe call_id=23 status=done returncode=0 timeout_sec=5.00 size=25x45 payload_bytes=340 elapsed=0.62s
[ANCHOR_DEBUG] render_probe call_id=24 status=done returncode=0 timeout_sec=5.00 size=25x45 payload_bytes=339 elapsed=0.63s
[ANCHOR_DEBUG] render_probe call_id=25 status=done returncode=0 timeout_sec=5.00 size=25x45 payload_bytes=338 elapsed=0.64s
[ANCHOR_DEBUG] render_probe_aggregate calls=25 slow_calls_gt_1s=0 timeouts=0 mean_elapsed=0.61s
[ANCHOR_DEBUG] render_probe call_id=26 status=done returncode=0 timeout_sec=5.00 size=25x45 payload_bytes=339 elapsed=0.61s
[ANCHOR_DEBUG] render_probe call_id=27 status=done returncode=0 timeout_sec=5.00 size=25x45 payload_bytes=340 elapsed=0.62s
[ANCHOR_DEBUG] render_probe call_id=28 status=done returncode=0 timeout_sec=5.00 size=25x45 payload_bytes=340 elapsed=0.60s
[ANCHOR_DEBUG] render_probe call_id=29 status=done returncode=0 timeout_sec=5.00 size=25x45 payload_bytes=340 elapsed=0.60s
[ANCHOR_DEBUG] render_probe call_id=30 status=done returncode=0 timeout_sec=5.00 size=25x45 payload_bytes=341 elapsed=0.60s
[ANCHOR_DEBUG] render_probe call_id=31 status=done returncode=0 timeout_sec=5.00 size=25x45 payload_bytes=339 elapsed=0.61s
[ANCHOR_DEBUG] render_probe call_id=32 status=done returncode=0 timeout_sec=5.00 size=25x45 payload_bytes=338 elapsed=0.59s
[ANCHOR_DEBUG] render_probe call_id=33 status=done returncode=0 timeout_sec=5.00 size=25x45 payload_bytes=341 elapsed=0.59s
[ANCHOR_DEBUG] render_probe call_id=34 status=done returncode=0 timeout_sec=5.00 size=25x45 payload_bytes=337 elapsed=0.60s
[ANCHOR_DEBUG] render_probe call_id=35 status=done returncode=0 timeout_sec=5.00 size=25x45 payload_bytes=339 elapsed=0.59s
[ANCHOR_DEBUG] render_probe call_id=36 status=done returncode=0 timeout_sec=5.00 size=25x45 payload_bytes=340 elapsed=0.58s
[ANCHOR_DEBUG] render_probe call_id=37 status=done returncode=0 timeout_sec=5.00 size=25x45 payload_bytes=338 elapsed=0.60s
[ANCHOR_DEBUG] render_probe call_id=38 status=done returncode=0 timeout_sec=5.00 size=25x45 payload_bytes=340 elapsed=0.62s
[ANCHOR_DEBUG] render_probe call_id=39 status=done returncode=0 timeout_sec=5.00 size=25x45 payload_bytes=338 elapsed=0.62s
[ANCHOR_DEBUG] render_probe call_id=40 status=done returncode=0 timeout_sec=5.00 size=25x45 payload_bytes=341 elapsed=0.62s
[ANCHOR_DEBUG] render_probe call_id=41 status=done returncode=0 timeout_sec=5.00 size=25x45 payload_bytes=340 elapsed=0.62s
[ANCHOR_DEBUG] render_probe call_id=42 status=done returncode=0 timeout_sec=5.00 size=25x45 payload_bytes=339 elapsed=0.60s
[ANCHOR_DEBUG] render_probe call_id=43 status=done returncode=0 timeout_sec=5.00 size=25x45 payload_bytes=340 elapsed=0.61s
[ANCHOR_DEBUG] render_probe call_id=44 status=done returncode=0 timeout_sec=5.00 size=25x45 payload_bytes=341 elapsed=0.60s
[ANCHOR_DEBUG] render_probe call_id=45 status=done returncode=0 timeout_sec=5.00 size=25x45 payload_bytes=341 elapsed=0.60s
[ANCHOR_DEBUG] render_probe call_id=46 status=done returncode=0 timeout_sec=5.00 size=25x45 payload_bytes=341 elapsed=0.60s
[ANCHOR_DEBUG] render_probe call_id=47 status=done returncode=0 timeout_sec=5.00 size=25x45 payload_bytes=341 elapsed=0.60s
[ANCHOR_DEBUG] render_probe call_id=48 status=done returncode=0 timeout_sec=5.00 size=25x45 payload_bytes=341 elapsed=0.60s
[ANCHOR_DEBUG] render_probe call_id=49 status=done returncode=0 timeout_sec=5.00 size=25x45 payload_bytes=341 elapsed=0.60s
[ANCHOR_DEBUG] render_probe call_id=50 status=done returncode=0 timeout_sec=5.00 size=25x45 payload_bytes=341 elapsed=0.59s
[ANCHOR_DEBUG] render_probe_aggregate calls=50 slow_calls_gt_1s=0 timeouts=0 mean_elapsed=0.61s
[ANCHOR_DEBUG] render_probe call_id=51 status=done returncode=0 timeout_sec=5.00 size=25x45 payload_bytes=341 elapsed=0.60s
[ANCHOR_DEBUG] render_probe call_id=52 status=done returncode=0 timeout_sec=5.00 size=25x45 payload_bytes=341 elapsed=0.60s
[ANCHOR_DEBUG] render_probe call_id=53 status=done returncode=0 timeout_sec=5.00 size=25x45 payload_bytes=341 elapsed=0.59s
[ANCHOR_DEBUG] render_probe call_id=54 status=done returncode=0 timeout_sec=5.00 size=25x45 payload_bytes=340 elapsed=0.60s
[ANCHOR_DEBUG] render_probe call_id=55 status=done returncode=0 timeout_sec=5.00 size=25x45 payload_bytes=341 elapsed=0.60s
[ANCHOR_DEBUG] render_probe call_id=56 status=done returncode=0 timeout_sec=5.00 size=25x45 payload_bytes=341 elapsed=0.61s
[ANCHOR_DEBUG] render_probe call_id=57 status=done returncode=0 timeout_sec=5.00 size=25x45 payload_bytes=341 elapsed=0.59s
[ANCHOR_DEBUG] render_probe call_id=58 status=done returncode=0 timeout_sec=5.00 size=25x45 payload_bytes=341 elapsed=0.59s
[ANCHOR_DEBUG] render_probe call_id=59 status=done returncode=0 timeout_sec=5.00 size=25x45 payload_bytes=341 elapsed=0.65s
[ANCHOR_DEBUG] render_probe call_id=60 status=done returncode=0 timeout_sec=5.00 size=25x45 payload_bytes=341 elapsed=0.60s
[ANCHOR_DEBUG] render_probe call_id=61 status=done returncode=0 timeout_sec=5.00 size=25x45 payload_bytes=341 elapsed=0.60s
[ANCHOR_DEBUG] render_probe call_id=62 status=done returncode=0 timeout_sec=5.00 size=25x45 payload_bytes=341 elapsed=0.59s
[ANCHOR_DEBUG] render_probe call_id=63 status=done returncode=0 timeout_sec=5.00 size=25x45 payload_bytes=341 elapsed=0.62s
[ANCHOR_DEBUG] render_probe call_id=64 status=done returncode=0 timeout_sec=5.00 size=25x45 payload_bytes=341 elapsed=0.63s
[ANCHOR_DEBUG] render_probe call_id=65 status=done returncode=0 timeout_sec=5.00 size=25x45 payload_bytes=341 elapsed=0.60s
[ANCHOR_DEBUG] render_probe call_id=66 status=done returncode=0 timeout_sec=5.00 size=25x45 payload_bytes=341 elapsed=0.60s
[ANCHOR_DEBUG] render_probe call_id=67 status=done returncode=0 timeout_sec=5.00 size=25x45 payload_bytes=341 elapsed=0.60s
[ANCHOR_DEBUG] render_probe call_id=68 status=done returncode=0 timeout_sec=5.00 size=25x45 payload_bytes=341 elapsed=0.61s
[ANCHOR_DEBUG] render_probe call_id=69 status=done returncode=0 timeout_sec=5.00 size=25x45 payload_bytes=341 elapsed=0.60s
[ANCHOR_DEBUG] render_probe call_id=70 status=done returncode=0 timeout_sec=5.00 size=25x45 payload_bytes=341 elapsed=0.61s
[ANCHOR_DEBUG] anchor_telemetry[AC0811] HEARTBEAT phase=round_start, round=2, elapsed=42.65s, remaining=47.35s
[ANCHOR_DEBUG] anchor_telemetry[AC0811] full_render round=2, elapsed=0.00s, state=cx=12.500, cy=16.000, r=11.000, stem_width=1.500
[ANCHOR_DEBUG] render_probe call_id=71 status=done returncode=0 timeout_sec=5.00 size=25x45 payload_bytes=249 elapsed=0.63s
[ANCHOR_DEBUG] anchor_telemetry[AC0811] element_render round=2, element=circle, elapsed=0.63s, state=cx=12.500, cy=16.000, r=11.000, stem_width=1.500
[ANCHOR_DEBUG] anchor_telemetry[AC0811] circle_center_start round=2, remaining=46.72s, state=cx=12.500, cy=16.000, r=11.000, stem_width=1.500
[ANCHOR_DEBUG] render_probe call_id=72 status=done returncode=0 timeout_sec=5.00 size=25x45 payload_bytes=249 elapsed=0.62s
[ANCHOR_DEBUG] render_probe call_id=73 status=done returncode=0 timeout_sec=5.00 size=25x45 payload_bytes=249 elapsed=0.62s
[ANCHOR_DEBUG] render_probe call_id=74 status=done returncode=0 timeout_sec=5.00 size=25x45 payload_bytes=249 elapsed=0.60s
[ANCHOR_DEBUG] render_probe call_id=75 status=done returncode=0 timeout_sec=5.00 size=25x45 payload_bytes=249 elapsed=0.61s
[ANCHOR_DEBUG] render_probe_aggregate calls=75 slow_calls_gt_1s=0 timeouts=0 mean_elapsed=0.61s
[ANCHOR_DEBUG] render_probe call_id=76 status=done returncode=0 timeout_sec=5.00 size=25x45 payload_bytes=249 elapsed=0.61s
[ANCHOR_DEBUG] render_probe call_id=77 status=done returncode=0 timeout_sec=5.00 size=25x45 payload_bytes=249 elapsed=0.60s
[ANCHOR_DEBUG] render_probe call_id=78 status=done returncode=0 timeout_sec=5.00 size=25x45 payload_bytes=249 elapsed=0.65s
[ANCHOR_DEBUG] render_probe call_id=79 status=done returncode=0 timeout_sec=5.00 size=25x45 payload_bytes=249 elapsed=0.61s
[ANCHOR_DEBUG] render_probe call_id=80 status=done returncode=0 timeout_sec=5.00 size=25x45 payload_bytes=249 elapsed=0.61s
[ANCHOR_DEBUG] anchor_telemetry[AC0811] circle_center_end round=2, elapsed=5.55s, remaining=41.17s
[ANCHOR_DEBUG] anchor_telemetry[AC0811] circle_radius_start round=2, remaining=41.17s, state=cx=12.500, cy=16.000, r=11.000, stem_width=1.500
[ANCHOR_DEBUG] render_probe call_id=81 status=done returncode=0 timeout_sec=5.00 size=25x45 payload_bytes=249 elapsed=0.60s
[ANCHOR_DEBUG] render_probe call_id=82 status=done returncode=0 timeout_sec=5.00 size=25x45 payload_bytes=249 elapsed=0.58s
[ANCHOR_DEBUG] anchor_telemetry[AC0811] circle_radius_end round=2, elapsed=1.20s, remaining=39.97s
[ANCHOR_DEBUG] render_probe call_id=83 status=done returncode=0 timeout_sec=5.00 size=25x45 payload_bytes=224 elapsed=0.60s
[ANCHOR_DEBUG] anchor_telemetry[AC0811] element_render round=2, element=stem, elapsed=0.60s, state=cx=12.500, cy=16.000, r=11.000, stem_width=1.500
[ANCHOR_DEBUG] render_probe call_id=84 status=done returncode=0 timeout_sec=5.00 size=25x45 payload_bytes=224 elapsed=0.63s
[ANCHOR_DEBUG] render_probe call_id=85 status=done returncode=0 timeout_sec=5.00 size=25x45 payload_bytes=224 elapsed=0.66s
[ANCHOR_DEBUG] render_probe call_id=86 status=done returncode=0 timeout_sec=5.00 size=25x45 payload_bytes=224 elapsed=0.62s
[ANCHOR_DEBUG] render_probe call_id=87 status=done returncode=0 timeout_sec=5.00 size=25x45 payload_bytes=224 elapsed=0.60s
[ANCHOR_DEBUG] render_probe call_id=88 status=done returncode=0 timeout_sec=5.00 size=25x45 payload_bytes=224 elapsed=0.63s
[ANCHOR_DEBUG] render_probe call_id=89 status=done returncode=0 timeout_sec=5.00 size=25x45 payload_bytes=337 elapsed=0.67s
[ANCHOR_DEBUG] render_probe call_id=90 status=done returncode=0 timeout_sec=5.00 size=25x45 payload_bytes=340 elapsed=0.62s
[ANCHOR_DEBUG] render_probe call_id=91 status=done returncode=0 timeout_sec=5.00 size=25x45 payload_bytes=339 elapsed=0.62s
[ANCHOR_DEBUG] render_probe call_id=92 status=done returncode=0 timeout_sec=5.00 size=25x45 payload_bytes=339 elapsed=0.61s
[ANCHOR_DEBUG] render_probe call_id=93 status=done returncode=0 timeout_sec=5.00 size=25x45 payload_bytes=338 elapsed=0.63s
[ANCHOR_DEBUG] render_probe call_id=94 status=done returncode=0 timeout_sec=5.00 size=25x45 payload_bytes=341 elapsed=0.60s
[ANCHOR_DEBUG] render_probe call_id=95 status=done returncode=0 timeout_sec=5.00 size=25x45 payload_bytes=339 elapsed=0.60s
[ANCHOR_DEBUG] render_probe call_id=96 status=done returncode=0 timeout_sec=5.00 size=25x45 payload_bytes=340 elapsed=0.58s
[ANCHOR_DEBUG] render_probe call_id=97 status=done returncode=0 timeout_sec=5.00 size=25x45 payload_bytes=340 elapsed=0.61s
[ANCHOR_DEBUG] render_probe call_id=98 status=done returncode=0 timeout_sec=5.00 size=25x45 payload_bytes=341 elapsed=0.58s
[ANCHOR_DEBUG] render_probe call_id=99 status=done returncode=0 timeout_sec=5.00 size=25x45 payload_bytes=339 elapsed=0.61s
[ANCHOR_DEBUG] render_probe call_id=100 status=done returncode=0 timeout_sec=5.00 size=25x45 payload_bytes=338 elapsed=0.60s
[ANCHOR_DEBUG] render_probe_aggregate calls=100 slow_calls_gt_1s=0 timeouts=0 mean_elapsed=0.61s
[ANCHOR_DEBUG] render_probe call_id=101 status=done returncode=0 timeout_sec=5.00 size=25x45 payload_bytes=340 elapsed=0.60s
[ANCHOR_DEBUG] render_probe call_id=102 status=done returncode=0 timeout_sec=5.00 size=25x45 payload_bytes=337 elapsed=0.60s
[ANCHOR_DEBUG] render_probe call_id=103 status=done returncode=0 timeout_sec=5.00 size=25x45 payload_bytes=339 elapsed=0.61s
[ANCHOR_DEBUG] render_probe call_id=104 status=done returncode=0 timeout_sec=5.00 size=25x45 payload_bytes=340 elapsed=0.60s
[ANCHOR_DEBUG] render_probe call_id=105 status=done returncode=0 timeout_sec=5.00 size=25x45 payload_bytes=338 elapsed=0.61s
[ANCHOR_DEBUG] render_probe call_id=106 status=done returncode=0 timeout_sec=5.00 size=25x45 payload_bytes=340 elapsed=0.61s
[ANCHOR_DEBUG] render_probe call_id=107 status=done returncode=0 timeout_sec=5.00 size=25x45 payload_bytes=339 elapsed=0.60s
[ANCHOR_DEBUG] render_probe call_id=108 status=done returncode=0 timeout_sec=5.00 size=25x45 payload_bytes=340 elapsed=0.61s
[ANCHOR_DEBUG] render_probe call_id=109 status=done returncode=0 timeout_sec=5.00 size=25x45 payload_bytes=341 elapsed=0.58s
[ANCHOR_DEBUG] render_probe call_id=110 status=done returncode=0 timeout_sec=5.00 size=25x45 payload_bytes=341 elapsed=0.60s
[ANCHOR_DEBUG] render_probe call_id=111 status=done returncode=0 timeout_sec=5.00 size=25x45 payload_bytes=339 elapsed=0.58s
[ANCHOR_DEBUG] render_probe call_id=112 status=done returncode=0 timeout_sec=5.00 size=25x45 payload_bytes=341 elapsed=0.60s
[ANCHOR_DEBUG] render_probe call_id=113 status=done returncode=0 timeout_sec=5.00 size=25x45 payload_bytes=341 elapsed=0.59s
[ANCHOR_DEBUG] render_probe call_id=114 status=done returncode=0 timeout_sec=5.00 size=25x45 payload_bytes=341 elapsed=0.61s
[ANCHOR_DEBUG] render_probe call_id=115 status=done returncode=0 timeout_sec=5.00 size=25x45 payload_bytes=341 elapsed=0.60s
[ANCHOR_DEBUG] render_probe call_id=116 status=done returncode=0 timeout_sec=5.00 size=25x45 payload_bytes=341 elapsed=0.60s
[ANCHOR_DEBUG] render_probe call_id=117 status=done returncode=0 timeout_sec=5.00 size=25x45 payload_bytes=341 elapsed=0.60s
[ANCHOR_DEBUG] render_probe call_id=118 status=done returncode=0 timeout_sec=5.00 size=25x45 payload_bytes=341 elapsed=0.68s
[ANCHOR_DEBUG] render_probe call_id=119 status=done returncode=0 timeout_sec=5.00 size=25x45 payload_bytes=341 elapsed=0.69s
[ANCHOR_DEBUG] render_probe call_id=120 status=done returncode=0 timeout_sec=5.00 size=25x45 payload_bytes=341 elapsed=0.64s
[ANCHOR_DEBUG] render_probe call_id=121 status=done returncode=0 timeout_sec=5.00 size=25x45 payload_bytes=341 elapsed=0.61s
[ANCHOR_DEBUG] render_probe call_id=122 status=done returncode=0 timeout_sec=5.00 size=25x45 payload_bytes=341 elapsed=0.63s
[ANCHOR_DEBUG] render_probe call_id=123 status=done returncode=0 timeout_sec=5.00 size=25x45 payload_bytes=341 elapsed=0.62s
[ANCHOR_DEBUG] render_probe call_id=124 status=done returncode=0 timeout_sec=5.00 size=25x45 payload_bytes=341 elapsed=0.61s
[ANCHOR_DEBUG] render_probe call_id=125 status=done returncode=0 timeout_sec=5.00 size=25x45 payload_bytes=341 elapsed=0.62s
[ANCHOR_DEBUG] render_probe_aggregate calls=125 slow_calls_gt_1s=0 timeouts=0 mean_elapsed=0.61s
[ANCHOR_DEBUG] render_probe call_id=126 status=done returncode=0 timeout_sec=5.00 size=25x45 payload_bytes=341 elapsed=0.61s
[ANCHOR_DEBUG] render_probe call_id=127 status=done returncode=0 timeout_sec=5.00 size=25x45 payload_bytes=341 elapsed=0.63s
[ANCHOR_DEBUG] render_probe call_id=128 status=done returncode=0 timeout_sec=5.00 size=25x45 payload_bytes=341 elapsed=0.63s
[ANCHOR_DEBUG] render_probe call_id=129 status=done returncode=0 timeout_sec=5.00 size=25x45 payload_bytes=341 elapsed=0.61s
[ANCHOR_DEBUG] render_probe call_id=130 status=done returncode=0 timeout_sec=5.00 size=25x45 payload_bytes=341 elapsed=0.63s
[ANCHOR_DEBUG] render_probe call_id=131 status=done returncode=0 timeout_sec=5.00 size=25x45 payload_bytes=341 elapsed=0.64s
[ANCHOR_DEBUG] render_probe call_id=132 status=done returncode=0 timeout_sec=5.00 size=25x45 payload_bytes=341 elapsed=0.60s
[ANCHOR_DEBUG] render_probe call_id=133 status=done returncode=0 timeout_sec=5.00 size=25x45 payload_bytes=341 elapsed=0.61s
[ANCHOR_DEBUG] anchor_telemetry[AC0811] HEARTBEAT phase=round_start, round=3, elapsed=81.42s, remaining=8.58s
[ANCHOR_DEBUG] anchor_telemetry[AC0811] full_render round=3, elapsed=0.00s, state=cx=12.500, cy=16.000, r=11.000, stem_width=2.000
[ANCHOR_DEBUG] anchor_telemetry[AC0811] element_render round=3, element=circle, elapsed=0.00s, state=cx=12.500, cy=16.000, r=11.000, stem_width=2.000
[ANCHOR_DEBUG] anchor_telemetry[AC0811] circle_center_start round=3, remaining=8.57s, state=cx=12.500, cy=16.000, r=11.000, stem_width=2.000
[ANCHOR_DEBUG] anchor_telemetry[AC0811] circle_center_end round=3, elapsed=0.01s, remaining=8.56s
[ANCHOR_DEBUG] anchor_telemetry[AC0811] circle_radius_start round=3, remaining=8.56s, state=cx=12.500, cy=16.000, r=11.000, stem_width=2.000
[ANCHOR_DEBUG] anchor_telemetry[AC0811] circle_radius_end round=3, elapsed=0.00s, remaining=8.56s
[ANCHOR_DEBUG] anchor_telemetry[AC0811] element_render round=3, element=stem, elapsed=0.00s, state=cx=12.500, cy=16.000, r=11.000, stem_width=2.000
[ANCHOR_DEBUG] anchor_telemetry[AC0811] micro_eval phase=baseline, elapsed=0.00s, err=4.830
[ANCHOR_DEBUG] anchor_telemetry[AC0811] micro_eval phase=candidate_1, elapsed=0.00s, err=8.357
[ANCHOR_DEBUG] anchor_telemetry[AC0811] micro_eval phase=candidate_2, elapsed=0.00s, err=8.197
[ANCHOR_DEBUG] anchor_telemetry[AC0811] micro_eval phase=candidate_3, elapsed=0.00s, err=7.245
[ANCHOR_DEBUG] anchor_telemetry[AC0811] micro_eval phase=candidate_4, elapsed=0.00s, err=5.236
[ANCHOR_DEBUG] anchor_telemetry[AC0811] micro_eval phase=candidate_5, elapsed=0.00s, err=10.732
[ANCHOR_DEBUG] anchor_telemetry[AC0811] micro_eval phase=candidate_6, elapsed=0.00s, err=10.917
[ANCHOR_DEBUG] anchor_telemetry[AC0811] full_render round=4, elapsed=0.00s, state=cx=12.500, cy=16.000, r=11.000, stem_width=2.000
[ANCHOR_DEBUG] anchor_telemetry[AC0811] element_render round=4, element=circle, elapsed=0.00s, state=cx=12.500, cy=16.000, r=11.000, stem_width=2.000
[ANCHOR_DEBUG] anchor_telemetry[AC0811] element_render round=4, element=stem, elapsed=0.00s, state=cx=12.500, cy=16.000, r=11.000, stem_width=2.000
[ANCHOR_DEBUG] anchor_telemetry[AC0811] micro_eval phase=baseline, elapsed=0.00s, err=4.830
[ANCHOR_DEBUG] anchor_telemetry[AC0811] micro_eval phase=candidate_1, elapsed=0.00s, err=8.357
[ANCHOR_DEBUG] anchor_telemetry[AC0811] micro_eval phase=candidate_2, elapsed=0.00s, err=8.197
[ANCHOR_DEBUG] anchor_telemetry[AC0811] micro_eval phase=candidate_3, elapsed=0.00s, err=7.245
[ANCHOR_DEBUG] anchor_telemetry[AC0811] micro_eval phase=candidate_4, elapsed=0.00s, err=5.236
[ANCHOR_DEBUG] anchor_telemetry[AC0811] micro_eval phase=candidate_5, elapsed=0.00s, err=10.732
[ANCHOR_DEBUG] anchor_telemetry[AC0811] micro_eval phase=candidate_6, elapsed=0.00s, err=10.917
[ANCHOR_DEBUG] variant_done name=AC0811_L status=ok
[ANCHOR_DEBUG] variant_start name=AC0811_M attempt_idx=1

--- Verarbeite AC0811_M.jpg ---
Bildbeschreibung: Kelle, ohne Text Kreis oben, Griff nach unten (dunkelgraue Liine)
Befehl erkannt: SEMANTIC: Kreis ohne Buchstabe, SEMANTIC: senkrechter Strich hinter dem Kreis
[ANCHOR_DEBUG] render_probe call_id=134 status=done returncode=0 timeout_sec=5.00 size=20x35 payload_bytes=339 elapsed=0.65s
[ANCHOR_DEBUG] anchor_telemetry[AC0811] full_render round=1, elapsed=0.65s, state=cx=10.000, cy=10.200, r=8.833, stem_width=1.000
[ANCHOR_DEBUG] render_probe call_id=135 status=done returncode=0 timeout_sec=5.00 size=20x35 payload_bytes=248 elapsed=0.62s
[ANCHOR_DEBUG] anchor_telemetry[AC0811] element_render round=1, element=circle, elapsed=0.62s, state=cx=10.000, cy=10.200, r=8.833, stem_width=1.000
[ANCHOR_DEBUG] anchor_telemetry[AC0811] circle_center_start round=1, remaining=88.73s, state=cx=10.000, cy=10.200, r=8.833, stem_width=1.000
[ANCHOR_DEBUG] render_probe call_id=136 status=done returncode=0 timeout_sec=5.00 size=20x35 payload_bytes=247 elapsed=0.61s
[ANCHOR_DEBUG] render_probe call_id=137 status=done returncode=0 timeout_sec=5.00 size=20x35 payload_bytes=248 elapsed=0.61s
[ANCHOR_DEBUG] render_probe call_id=138 status=done returncode=0 timeout_sec=5.00 size=20x35 payload_bytes=247 elapsed=0.59s
[ANCHOR_DEBUG] render_probe call_id=139 status=done returncode=0 timeout_sec=5.00 size=20x35 payload_bytes=247 elapsed=0.59s
[ANCHOR_DEBUG] render_probe call_id=140 status=done returncode=0 timeout_sec=5.00 size=20x35 payload_bytes=247 elapsed=0.60s
[ANCHOR_DEBUG] render_probe call_id=141 status=done returncode=0 timeout_sec=5.00 size=20x35 payload_bytes=248 elapsed=0.61s
[ANCHOR_DEBUG] render_probe call_id=142 status=done returncode=0 timeout_sec=5.00 size=20x35 payload_bytes=248 elapsed=0.58s
[ANCHOR_DEBUG] render_probe call_id=143 status=done returncode=0 timeout_sec=5.00 size=20x35 payload_bytes=248 elapsed=0.61s
[ANCHOR_DEBUG] render_probe call_id=144 status=done returncode=0 timeout_sec=5.00 size=20x35 payload_bytes=248 elapsed=0.59s
[ANCHOR_DEBUG] anchor_telemetry[AC0811] circle_center_end round=1, elapsed=5.40s, remaining=83.32s
[ANCHOR_DEBUG] anchor_telemetry[AC0811] circle_radius_start round=1, remaining=83.32s, state=cx=10.000, cy=12.000, r=8.833, stem_width=1.000
[ANCHOR_DEBUG] render_probe call_id=145 status=done returncode=0 timeout_sec=5.00 size=20x35 payload_bytes=248 elapsed=0.60s
[ANCHOR_DEBUG] render_probe call_id=146 status=done returncode=0 timeout_sec=5.00 size=20x35 payload_bytes=248 elapsed=0.60s
[ANCHOR_DEBUG] render_probe call_id=147 status=done returncode=0 timeout_sec=5.00 size=20x35 payload_bytes=339 elapsed=0.59s
[ANCHOR_DEBUG] render_probe call_id=148 status=done returncode=0 timeout_sec=5.00 size=20x35 payload_bytes=339 elapsed=0.62s
[ANCHOR_DEBUG] anchor_telemetry[AC0811] circle_radius_end round=1, elapsed=2.41s, remaining=80.92s
[ANCHOR_DEBUG] render_probe call_id=149 status=done returncode=0 timeout_sec=5.00 size=20x35 payload_bytes=223 elapsed=0.64s
[ANCHOR_DEBUG] anchor_telemetry[AC0811] element_render round=1, element=stem, elapsed=0.64s, state=cx=10.000, cy=12.000, r=9.000, stem_width=1.000
[ANCHOR_DEBUG] render_probe call_id=150 status=done returncode=0 timeout_sec=5.00 size=20x35 payload_bytes=223 elapsed=0.63s
[ANCHOR_DEBUG] render_probe_aggregate calls=150 slow_calls_gt_1s=0 timeouts=0 mean_elapsed=0.61s
[ANCHOR_DEBUG] render_probe call_id=151 status=done returncode=0 timeout_sec=5.00 size=20x35 payload_bytes=223 elapsed=0.63s
[ANCHOR_DEBUG] render_probe call_id=152 status=done returncode=0 timeout_sec=5.00 size=20x35 payload_bytes=223 elapsed=0.60s
[ANCHOR_DEBUG] render_probe call_id=153 status=done returncode=0 timeout_sec=5.00 size=20x35 payload_bytes=223 elapsed=0.59s
[ANCHOR_DEBUG] render_probe call_id=154 status=done returncode=0 timeout_sec=5.00 size=20x35 payload_bytes=223 elapsed=0.63s
[ANCHOR_DEBUG] render_probe call_id=155 status=done returncode=0 timeout_sec=5.00 size=20x35 payload_bytes=223 elapsed=0.62s
[ANCHOR_DEBUG] render_probe call_id=156 status=done returncode=0 timeout_sec=5.00 size=20x35 payload_bytes=339 elapsed=0.61s
[ANCHOR_DEBUG] render_probe call_id=157 status=done returncode=0 timeout_sec=5.00 size=20x35 payload_bytes=337 elapsed=0.62s
[ANCHOR_DEBUG] render_probe call_id=158 status=done returncode=0 timeout_sec=5.00 size=20x35 payload_bytes=339 elapsed=0.60s
[ANCHOR_DEBUG] render_probe call_id=159 status=done returncode=0 timeout_sec=5.00 size=20x35 payload_bytes=339 elapsed=0.62s
[ANCHOR_DEBUG] render_probe call_id=160 status=done returncode=0 timeout_sec=5.00 size=20x35 payload_bytes=339 elapsed=0.60s
[ANCHOR_DEBUG] render_probe call_id=161 status=done returncode=0 timeout_sec=5.00 size=20x35 payload_bytes=337 elapsed=0.63s
[ANCHOR_DEBUG] render_probe call_id=162 status=done returncode=0 timeout_sec=5.00 size=20x35 payload_bytes=337 elapsed=0.62s
[ANCHOR_DEBUG] render_probe call_id=163 status=done returncode=0 timeout_sec=5.00 size=20x35 payload_bytes=339 elapsed=0.64s
[ANCHOR_DEBUG] render_probe call_id=164 status=done returncode=0 timeout_sec=5.00 size=20x35 payload_bytes=337 elapsed=0.59s
[ANCHOR_DEBUG] render_probe call_id=165 status=done returncode=0 timeout_sec=5.00 size=20x35 payload_bytes=339 elapsed=0.60s
[ANCHOR_DEBUG] render_probe call_id=166 status=done returncode=0 timeout_sec=5.00 size=20x35 payload_bytes=339 elapsed=0.60s
[ANCHOR_DEBUG] render_probe call_id=167 status=done returncode=0 timeout_sec=5.00 size=20x35 payload_bytes=339 elapsed=0.60s
[ANCHOR_DEBUG] render_probe call_id=168 status=done returncode=0 timeout_sec=5.00 size=20x35 payload_bytes=337 elapsed=0.61s
[ANCHOR_DEBUG] render_probe call_id=169 status=done returncode=0 timeout_sec=5.00 size=20x35 payload_bytes=339 elapsed=0.61s
[ANCHOR_DEBUG] render_probe call_id=170 status=done returncode=0 timeout_sec=5.00 size=20x35 payload_bytes=337 elapsed=0.62s
[ANCHOR_DEBUG] render_probe call_id=171 status=done returncode=0 timeout_sec=5.00 size=20x35 payload_bytes=339 elapsed=0.63s
[ANCHOR_DEBUG] render_probe call_id=172 status=done returncode=0 timeout_sec=5.00 size=20x35 payload_bytes=339 elapsed=0.60s
[ANCHOR_DEBUG] render_probe call_id=173 status=done returncode=0 timeout_sec=5.00 size=20x35 payload_bytes=338 elapsed=0.60s
[ANCHOR_DEBUG] render_probe call_id=174 status=done returncode=0 timeout_sec=5.00 size=20x35 payload_bytes=340 elapsed=0.62s
[ANCHOR_DEBUG] render_probe call_id=175 status=done returncode=0 timeout_sec=5.00 size=20x35 payload_bytes=338 elapsed=0.61s
[ANCHOR_DEBUG] render_probe_aggregate calls=175 slow_calls_gt_1s=0 timeouts=0 mean_elapsed=0.61s
[ANCHOR_DEBUG] render_probe call_id=176 status=done returncode=0 timeout_sec=5.00 size=20x35 payload_bytes=340 elapsed=0.64s
[ANCHOR_DEBUG] render_probe call_id=177 status=done returncode=0 timeout_sec=5.00 size=20x35 payload_bytes=338 elapsed=0.69s
[ANCHOR_DEBUG] render_probe call_id=178 status=done returncode=0 timeout_sec=5.00 size=20x35 payload_bytes=340 elapsed=0.67s
[ANCHOR_DEBUG] render_probe call_id=179 status=done returncode=0 timeout_sec=5.00 size=20x35 payload_bytes=338 elapsed=0.64s
[ANCHOR_DEBUG] render_probe call_id=180 status=done returncode=0 timeout_sec=5.00 size=20x35 payload_bytes=338 elapsed=0.65s
[ANCHOR_DEBUG] render_probe call_id=181 status=done returncode=0 timeout_sec=5.00 size=20x35 payload_bytes=338 elapsed=0.60s
[ANCHOR_DEBUG] render_probe call_id=182 status=done returncode=0 timeout_sec=5.00 size=20x35 payload_bytes=339 elapsed=0.71s
[ANCHOR_DEBUG] render_probe call_id=183 status=done returncode=0 timeout_sec=5.00 size=20x35 payload_bytes=339 elapsed=0.65s
[ANCHOR_DEBUG] render_probe call_id=184 status=done returncode=0 timeout_sec=5.00 size=20x35 payload_bytes=339 elapsed=0.60s
[ANCHOR_DEBUG] render_probe call_id=185 status=done returncode=0 timeout_sec=5.00 size=20x35 payload_bytes=339 elapsed=0.64s
[ANCHOR_DEBUG] render_probe call_id=186 status=done returncode=0 timeout_sec=5.00 size=20x35 payload_bytes=339 elapsed=0.70s
[ANCHOR_DEBUG] render_probe call_id=187 status=done returncode=0 timeout_sec=5.00 size=20x35 payload_bytes=339 elapsed=0.67s
[ANCHOR_DEBUG] render_probe call_id=188 status=done returncode=0 timeout_sec=5.00 size=20x35 payload_bytes=339 elapsed=0.65s
[ANCHOR_DEBUG] render_probe call_id=189 status=done returncode=0 timeout_sec=5.00 size=20x35 payload_bytes=339 elapsed=0.65s
[ANCHOR_DEBUG] render_probe call_id=190 status=done returncode=0 timeout_sec=5.00 size=20x35 payload_bytes=339 elapsed=0.71s
[ANCHOR_DEBUG] render_probe call_id=191 status=done returncode=0 timeout_sec=5.00 size=20x35 payload_bytes=338 elapsed=0.61s
[ANCHOR_DEBUG] render_probe call_id=192 status=done returncode=0 timeout_sec=5.00 size=20x35 payload_bytes=339 elapsed=0.62s
[ANCHOR_DEBUG] render_probe call_id=193 status=done returncode=0 timeout_sec=5.00 size=20x35 payload_bytes=339 elapsed=0.62s
[ANCHOR_DEBUG] render_probe call_id=194 status=done returncode=0 timeout_sec=5.00 size=20x35 payload_bytes=338 elapsed=0.61s
[ANCHOR_DEBUG] render_probe call_id=195 status=done returncode=0 timeout_sec=5.00 size=20x35 payload_bytes=339 elapsed=0.61s
[ANCHOR_DEBUG] render_probe call_id=196 status=done returncode=0 timeout_sec=5.00 size=20x35 payload_bytes=340 elapsed=0.62s
[ANCHOR_DEBUG] render_probe call_id=197 status=done returncode=0 timeout_sec=5.00 size=20x35 payload_bytes=339 elapsed=0.63s
[ANCHOR_DEBUG] render_probe call_id=198 status=done returncode=0 timeout_sec=5.00 size=20x35 payload_bytes=339 elapsed=0.62s
[ANCHOR_DEBUG] render_probe call_id=199 status=done returncode=0 timeout_sec=5.00 size=20x35 payload_bytes=339 elapsed=0.61s
[ANCHOR_DEBUG] render_probe call_id=200 status=done returncode=0 timeout_sec=5.00 size=20x35 payload_bytes=339 elapsed=0.60s
[ANCHOR_DEBUG] render_probe_aggregate calls=200 slow_calls_gt_1s=0 timeouts=0 mean_elapsed=0.61s
[ANCHOR_DEBUG] render_probe call_id=201 status=done returncode=0 timeout_sec=5.00 size=20x35 payload_bytes=339 elapsed=0.60s
[ANCHOR_DEBUG] anchor_telemetry[AC0811] HEARTBEAT phase=round_start, round=2, elapsed=42.37s, remaining=47.63s
[ANCHOR_DEBUG] anchor_telemetry[AC0811] full_render round=2, elapsed=0.00s, state=cx=10.500, cy=12.000, r=8.500, stem_width=2.000
[ANCHOR_DEBUG] render_probe call_id=202 status=done returncode=0 timeout_sec=5.00 size=20x35 payload_bytes=248 elapsed=0.61s
[ANCHOR_DEBUG] anchor_telemetry[AC0811] element_render round=2, element=circle, elapsed=0.61s, state=cx=10.500, cy=12.000, r=8.500, stem_width=2.000
[ANCHOR_DEBUG] anchor_telemetry[AC0811] circle_center_start round=2, remaining=47.02s, state=cx=10.500, cy=12.000, r=8.500, stem_width=2.000
[ANCHOR_DEBUG] render_probe call_id=203 status=done returncode=0 timeout_sec=5.00 size=20x35 payload_bytes=247 elapsed=0.60s
[ANCHOR_DEBUG] render_probe call_id=204 status=done returncode=0 timeout_sec=5.00 size=20x35 payload_bytes=248 elapsed=0.59s
[ANCHOR_DEBUG] render_probe call_id=205 status=done returncode=0 timeout_sec=5.00 size=20x35 payload_bytes=248 elapsed=0.60s
[ANCHOR_DEBUG] render_probe call_id=206 status=done returncode=0 timeout_sec=5.00 size=20x35 payload_bytes=248 elapsed=0.61s
[ANCHOR_DEBUG] render_probe call_id=207 status=done returncode=0 timeout_sec=5.00 size=20x35 payload_bytes=247 elapsed=0.58s
[ANCHOR_DEBUG] render_probe call_id=208 status=done returncode=0 timeout_sec=5.00 size=20x35 payload_bytes=248 elapsed=0.59s
[ANCHOR_DEBUG] render_probe call_id=209 status=done returncode=0 timeout_sec=5.00 size=20x35 payload_bytes=248 elapsed=0.59s
[ANCHOR_DEBUG] render_probe call_id=210 status=done returncode=0 timeout_sec=5.00 size=20x35 payload_bytes=248 elapsed=0.63s
[ANCHOR_DEBUG] render_probe call_id=211 status=done returncode=0 timeout_sec=5.00 size=20x35 payload_bytes=248 elapsed=0.67s
[ANCHOR_DEBUG] anchor_telemetry[AC0811] circle_center_end round=2, elapsed=5.48s, remaining=41.54s
[ANCHOR_DEBUG] anchor_telemetry[AC0811] circle_radius_start round=2, remaining=41.54s, state=cx=10.500, cy=12.000, r=8.500, stem_width=2.000
[ANCHOR_DEBUG] render_probe call_id=212 status=done returncode=0 timeout_sec=5.00 size=20x35 payload_bytes=248 elapsed=0.59s
[ANCHOR_DEBUG] anchor_telemetry[AC0811] circle_radius_end round=2, elapsed=0.60s, remaining=40.94s
[ANCHOR_DEBUG] render_probe call_id=213 status=done returncode=0 timeout_sec=5.00 size=20x35 payload_bytes=223 elapsed=0.59s
[ANCHOR_DEBUG] anchor_telemetry[AC0811] element_render round=2, element=stem, elapsed=0.59s, state=cx=10.500, cy=12.000, r=8.500, stem_width=2.000
[ANCHOR_DEBUG] render_probe call_id=214 status=done returncode=0 timeout_sec=5.00 size=20x35 payload_bytes=224 elapsed=0.59s
[ANCHOR_DEBUG] render_probe call_id=215 status=done returncode=0 timeout_sec=5.00 size=20x35 payload_bytes=223 elapsed=0.61s
[ANCHOR_DEBUG] render_probe call_id=216 status=done returncode=0 timeout_sec=5.00 size=20x35 payload_bytes=223 elapsed=0.61s
[ANCHOR_DEBUG] render_probe call_id=217 status=done returncode=0 timeout_sec=5.00 size=20x35 payload_bytes=223 elapsed=0.69s
[ANCHOR_DEBUG] render_probe call_id=218 status=done returncode=0 timeout_sec=5.00 size=20x35 payload_bytes=223 elapsed=0.69s
[ANCHOR_DEBUG] render_probe call_id=219 status=done returncode=0 timeout_sec=5.00 size=20x35 payload_bytes=337 elapsed=0.62s
[ANCHOR_DEBUG] render_probe call_id=220 status=done returncode=0 timeout_sec=5.00 size=20x35 payload_bytes=339 elapsed=0.60s
[ANCHOR_DEBUG] render_probe call_id=221 status=done returncode=0 timeout_sec=5.00 size=20x35 payload_bytes=339 elapsed=0.62s
[ANCHOR_DEBUG] render_probe call_id=222 status=done returncode=0 timeout_sec=5.00 size=20x35 payload_bytes=339 elapsed=0.60s
[ANCHOR_DEBUG] render_probe call_id=223 status=done returncode=0 timeout_sec=5.00 size=20x35 payload_bytes=337 elapsed=0.66s
[ANCHOR_DEBUG] render_probe call_id=224 status=done returncode=0 timeout_sec=5.00 size=20x35 payload_bytes=337 elapsed=0.62s
[ANCHOR_DEBUG] render_probe call_id=225 status=done returncode=0 timeout_sec=5.00 size=20x35 payload_bytes=339 elapsed=0.59s
[ANCHOR_DEBUG] render_probe_aggregate calls=225 slow_calls_gt_1s=0 timeouts=0 mean_elapsed=0.61s
[ANCHOR_DEBUG] render_probe call_id=226 status=done returncode=0 timeout_sec=5.00 size=20x35 payload_bytes=338 elapsed=0.60s
[ANCHOR_DEBUG] render_probe call_id=227 status=done returncode=0 timeout_sec=5.00 size=20x35 payload_bytes=339 elapsed=0.69s
[ANCHOR_DEBUG] render_probe call_id=228 status=done returncode=0 timeout_sec=5.00 size=20x35 payload_bytes=340 elapsed=0.62s
[ANCHOR_DEBUG] render_probe call_id=229 status=done returncode=0 timeout_sec=5.00 size=20x35 payload_bytes=339 elapsed=0.62s
[ANCHOR_DEBUG] render_probe call_id=230 status=done returncode=0 timeout_sec=5.00 size=20x35 payload_bytes=337 elapsed=0.60s
[ANCHOR_DEBUG] render_probe call_id=231 status=done returncode=0 timeout_sec=5.00 size=20x35 payload_bytes=339 elapsed=0.58s
[ANCHOR_DEBUG] render_probe call_id=232 status=done returncode=0 timeout_sec=5.00 size=20x35 payload_bytes=337 elapsed=0.60s
[ANCHOR_DEBUG] render_probe call_id=233 status=done returncode=0 timeout_sec=5.00 size=20x35 payload_bytes=339 elapsed=0.60s
[ANCHOR_DEBUG] render_probe call_id=234 status=done returncode=0 timeout_sec=5.00 size=20x35 payload_bytes=339 elapsed=0.62s
[ANCHOR_DEBUG] render_probe call_id=235 status=done returncode=0 timeout_sec=5.00 size=20x35 payload_bytes=338 elapsed=0.68s
[ANCHOR_DEBUG] render_probe call_id=236 status=done returncode=0 timeout_sec=5.00 size=20x35 payload_bytes=340 elapsed=0.63s
[ANCHOR_DEBUG] render_probe call_id=237 status=done returncode=0 timeout_sec=5.00 size=20x35 payload_bytes=338 elapsed=0.71s
[ANCHOR_DEBUG] render_probe call_id=238 status=done returncode=0 timeout_sec=5.00 size=20x35 payload_bytes=340 elapsed=0.65s
[ANCHOR_DEBUG] render_probe call_id=239 status=done returncode=0 timeout_sec=5.00 size=20x35 payload_bytes=340 elapsed=0.61s
[ANCHOR_DEBUG] render_probe call_id=240 status=done returncode=0 timeout_sec=5.00 size=20x35 payload_bytes=338 elapsed=0.59s
[ANCHOR_DEBUG] render_probe call_id=241 status=done returncode=0 timeout_sec=5.00 size=20x35 payload_bytes=338 elapsed=0.60s
[ANCHOR_DEBUG] render_probe call_id=242 status=done returncode=0 timeout_sec=5.00 size=20x35 payload_bytes=338 elapsed=0.60s
[ANCHOR_DEBUG] render_probe call_id=243 status=done returncode=0 timeout_sec=5.00 size=20x35 payload_bytes=339 elapsed=0.63s
[ANCHOR_DEBUG] render_probe call_id=244 status=done returncode=0 timeout_sec=5.00 size=20x35 payload_bytes=339 elapsed=0.63s
[ANCHOR_DEBUG] render_probe call_id=245 status=done returncode=0 timeout_sec=5.00 size=20x35 payload_bytes=339 elapsed=0.63s
[ANCHOR_DEBUG] render_probe call_id=246 status=done returncode=0 timeout_sec=5.00 size=20x35 payload_bytes=339 elapsed=0.65s
[ANCHOR_DEBUG] render_probe call_id=247 status=done returncode=0 timeout_sec=5.00 size=20x35 payload_bytes=339 elapsed=0.64s
[ANCHOR_DEBUG] render_probe call_id=248 status=done returncode=0 timeout_sec=5.00 size=20x35 payload_bytes=339 elapsed=0.61s
[ANCHOR_DEBUG] render_probe call_id=249 status=done returncode=0 timeout_sec=5.00 size=20x35 payload_bytes=339 elapsed=0.61s
[ANCHOR_DEBUG] render_probe call_id=250 status=done returncode=0 timeout_sec=5.00 size=20x35 payload_bytes=338 elapsed=0.62s
[ANCHOR_DEBUG] render_probe_aggregate calls=250 slow_calls_gt_1s=0 timeouts=0 mean_elapsed=0.62s
[ANCHOR_DEBUG] render_probe call_id=251 status=done returncode=0 timeout_sec=5.00 size=20x35 payload_bytes=339 elapsed=0.62s
[ANCHOR_DEBUG] render_probe call_id=252 status=done returncode=0 timeout_sec=5.00 size=20x35 payload_bytes=339 elapsed=0.59s
[ANCHOR_DEBUG] anchor_telemetry[AC0811] HEARTBEAT phase=round_start, round=3, elapsed=74.07s, remaining=15.93s
[ANCHOR_DEBUG] anchor_telemetry[AC0811] full_render round=3, elapsed=0.00s, state=cx=10.500, cy=12.000, r=8.500, stem_width=2.000
[ANCHOR_DEBUG] anchor_telemetry[AC0811] element_render round=3, element=circle, elapsed=0.00s, state=cx=10.500, cy=12.000, r=8.500, stem_width=2.000
[ANCHOR_DEBUG] anchor_telemetry[AC0811] element_render round=3, element=stem, elapsed=0.00s, state=cx=10.500, cy=12.000, r=8.500, stem_width=2.000
[ANCHOR_DEBUG] anchor_telemetry[AC0811] micro_eval phase=baseline, elapsed=0.00s, err=8.630
[ANCHOR_DEBUG] anchor_telemetry[AC0811] micro_eval phase=candidate_1, elapsed=0.00s, err=8.893
[ANCHOR_DEBUG] anchor_telemetry[AC0811] micro_eval phase=candidate_2, elapsed=0.00s, err=15.756
[ANCHOR_DEBUG] anchor_telemetry[AC0811] micro_eval phase=candidate_3, elapsed=0.00s, err=9.920
[ANCHOR_DEBUG] anchor_telemetry[AC0811] micro_eval phase=candidate_4, elapsed=0.00s, err=11.199
[ANCHOR_DEBUG] anchor_telemetry[AC0811] micro_eval phase=candidate_5, elapsed=0.00s, err=16.377
[ANCHOR_DEBUG] anchor_telemetry[AC0811] micro_eval phase=candidate_6, elapsed=0.00s, err=8.630
[ANCHOR_DEBUG] render_probe call_id=253 status=done returncode=0 timeout_sec=5.00 size=20x35 payload_bytes=248 elapsed=0.60s
[ANCHOR_DEBUG] render_probe call_id=254 status=done returncode=0 timeout_sec=5.00 size=20x35 payload_bytes=248 elapsed=0.60s
[ANCHOR_DEBUG] render_probe call_id=255 status=done returncode=0 timeout_sec=5.00 size=20x35 payload_bytes=248 elapsed=0.61s
[ANCHOR_DEBUG] render_probe call_id=256 status=done returncode=0 timeout_sec=5.00 size=20x35 payload_bytes=248 elapsed=0.62s
[ANCHOR_DEBUG] render_probe call_id=257 status=done returncode=0 timeout_sec=5.00 size=20x35 payload_bytes=248 elapsed=0.63s
[ANCHOR_DEBUG] render_probe call_id=258 status=done returncode=0 timeout_sec=5.00 size=20x35 payload_bytes=248 elapsed=0.62s
[ANCHOR_DEBUG] render_probe call_id=259 status=done returncode=0 timeout_sec=5.00 size=20x35 payload_bytes=248 elapsed=0.65s
[ANCHOR_DEBUG] render_probe call_id=260 status=done returncode=0 timeout_sec=5.00 size=20x35 payload_bytes=248 elapsed=0.63s
[ANCHOR_DEBUG] render_probe call_id=261 status=done returncode=0 timeout_sec=5.00 size=20x35 payload_bytes=248 elapsed=0.64s
[ANCHOR_DEBUG] render_probe call_id=262 status=done returncode=0 timeout_sec=5.00 size=20x35 payload_bytes=248 elapsed=0.61s
[ANCHOR_DEBUG] render_probe call_id=263 status=done returncode=0 timeout_sec=5.00 size=20x35 payload_bytes=248 elapsed=0.60s
[ANCHOR_DEBUG] render_probe call_id=264 status=done returncode=0 timeout_sec=5.00 size=20x35 payload_bytes=248 elapsed=0.63s
[ANCHOR_DEBUG] render_probe call_id=265 status=done returncode=0 timeout_sec=5.00 size=20x35 payload_bytes=248 elapsed=0.60s
[ANCHOR_DEBUG] render_probe call_id=266 status=done returncode=0 timeout_sec=5.00 size=20x35 payload_bytes=248 elapsed=0.65s
[ANCHOR_DEBUG] render_probe call_id=267 status=done returncode=0 timeout_sec=5.00 size=20x35 payload_bytes=248 elapsed=0.59s
[ANCHOR_DEBUG] render_probe call_id=268 status=done returncode=0 timeout_sec=5.00 size=20x35 payload_bytes=248 elapsed=0.59s
[ANCHOR_DEBUG] render_probe call_id=269 status=done returncode=0 timeout_sec=5.00 size=20x35 payload_bytes=248 elapsed=0.62s
[ANCHOR_DEBUG] render_probe call_id=270 status=done returncode=0 timeout_sec=5.00 size=20x35 payload_bytes=248 elapsed=0.59s
[ANCHOR_DEBUG] render_probe call_id=271 status=done returncode=0 timeout_sec=5.00 size=20x35 payload_bytes=248 elapsed=0.63s
[ANCHOR_DEBUG] render_probe call_id=272 status=done returncode=0 timeout_sec=5.00 size=20x35 payload_bytes=248 elapsed=0.64s
[ANCHOR_DEBUG] render_probe call_id=273 status=done returncode=0 timeout_sec=5.00 size=20x35 payload_bytes=248 elapsed=0.65s
[ANCHOR_DEBUG] render_probe call_id=274 status=done returncode=0 timeout_sec=5.00 size=20x35 payload_bytes=248 elapsed=0.64s
[ANCHOR_DEBUG] render_probe call_id=275 status=done returncode=0 timeout_sec=5.00 size=20x35 payload_bytes=223 elapsed=0.64s
[ANCHOR_DEBUG] render_probe_aggregate calls=275 slow_calls_gt_1s=0 timeouts=0 mean_elapsed=0.62s
[ANCHOR_DEBUG] render_probe call_id=276 status=done returncode=0 timeout_sec=5.00 size=20x35 payload_bytes=223 elapsed=0.61s
[ANCHOR_DEBUG] render_probe call_id=277 status=done returncode=0 timeout_sec=5.00 size=20x35 payload_bytes=223 elapsed=0.65s
[ANCHOR_DEBUG] render_probe call_id=278 status=done returncode=0 timeout_sec=5.00 size=20x35 payload_bytes=223 elapsed=0.64s
[ANCHOR_DEBUG] render_probe call_id=279 status=done returncode=0 timeout_sec=5.00 size=20x35 payload_bytes=223 elapsed=0.68s
[ANCHOR_DEBUG] render_probe call_id=280 status=done returncode=0 timeout_sec=5.00 size=20x35 payload_bytes=223 elapsed=0.61s
[ANCHOR_DEBUG] render_probe call_id=281 status=done returncode=0 timeout_sec=5.00 size=20x35 payload_bytes=223 elapsed=0.62s
[ANCHOR_DEBUG] render_probe call_id=282 status=done returncode=0 timeout_sec=5.00 size=20x35 payload_bytes=223 elapsed=0.65s
[ANCHOR_DEBUG] render_probe call_id=283 status=done returncode=0 timeout_sec=5.00 size=20x35 payload_bytes=223 elapsed=0.67s
[ANCHOR_DEBUG] render_probe call_id=284 status=done returncode=0 timeout_sec=5.00 size=20x35 payload_bytes=223 elapsed=0.64s
[ANCHOR_DEBUG] render_probe call_id=285 status=done returncode=0 timeout_sec=5.00 size=20x35 payload_bytes=223 elapsed=0.66s
[ANCHOR_DEBUG] render_probe call_id=286 status=done returncode=0 timeout_sec=5.00 size=20x35 payload_bytes=223 elapsed=0.66s
[ANCHOR_DEBUG] variant_done name=AC0811_M status=ok
[ANCHOR_DEBUG] render_probe call_id=287 status=done returncode=0 timeout_sec=5.00 size=20x35 payload_bytes=339 elapsed=0.63s
