============================= test session starts ==============================
platform linux -- Python 3.10.19, pytest-9.0.2, pluggy-1.6.0 -- /root/.pyenv/versions/3.10.19/bin/python
cachedir: .pytest_cache
rootdir: /workspace/ImageConverter
configfile: pytest.ini
testpaths: tests
collecting ... collected 827 items

tests/detailtests/test_ac0223_runtime_helpers.py::test_finalize_ac0223_badge_params_impl_applies_valve_head_defaults PASSED [  0%]
tests/detailtests/test_ac0223_runtime_helpers.py::test_finalize_ac0223_badge_params_impl_is_noop_for_other_families PASSED [  0%]
tests/detailtests/test_ac0223_semantic_helpers.py::test_fit_ac0223_params_keeps_valve_connector_anchored PASSED [  0%]
tests/detailtests/test_ac0223_semantic_helpers.py::test_generate_badge_svg_ac0223_polygon_uses_gradient_fill PASSED [  0%]
tests/detailtests/test_ac0223_semantic_helpers.py::test_generate_badge_svg_restores_ac0223_head_when_style_keys_missing PASSED [  0%]
tests/detailtests/test_ac0223_semantic_helpers.py::test_ac0223_symmetry_enforces_short_hub_connector PASSED [  0%]
tests/detailtests/test_automate_function_extraction_tool.py::test_extracts_function_and_replaces_with_wrapper PASSED [  0%]
tests/detailtests/test_automate_function_extraction_tool.py::test_rolls_back_when_verification_fails PASSED [  0%]
tests/detailtests/test_automate_function_extraction_tool.py::test_inserts_import_after_multiline_import_block PASSED [  1%]
tests/detailtests/test_batch_reporting_helpers.py::test_write_batch_failure_summary_writes_expected_columns PASSED [  1%]
tests/detailtests/test_batch_reporting_helpers.py::test_write_strategy_switch_template_transfers_report_formats_values PASSED [  1%]
tests/detailtests/test_circle_geometry_optimization_helpers.py::test_reanchor_arm_to_circle_edge_keeps_horizontal_arm PASSED [  1%]
tests/detailtests/test_circle_geometry_optimization_helpers.py::test_element_error_for_circle_pose_returns_inf_when_circle_disabled PASSED [  1%]
tests/detailtests/test_circle_radius_optimization_helpers.py::test_element_error_for_circle_radius_returns_inf_without_circle PASSED [  1%]
tests/detailtests/test_circle_radius_optimization_helpers.py::test_select_circle_radius_plateau_candidate_prefers_best_full_error PASSED [  1%]
tests/detailtests/test_cli_helpers.py::test_parse_args_impl_applies_named_iterations_override PASSED [  1%]
tests/detailtests/test_cli_helpers.py::test_auto_detect_csv_path_prefers_reference_like_names PASSED [  2%]
tests/detailtests/test_cli_helpers.py::test_auto_detect_csv_path_finds_descriptions_sibling_folder PASSED [  2%]
tests/detailtests/test_cli_helpers.py::test_resolve_cli_csv_and_output_impl_resolves_xml_paths PASSED [  2%]
tests/detailtests/test_cli_helpers.py::test_resolve_cli_csv_and_output_impl_treats_numeric_second_positional_as_iterations PASSED [  2%]
tests/detailtests/test_cli_helpers.py::test_optional_log_capture_impl_writes_stdout_and_stderr PASSED [  2%]
tests/detailtests/test_cli_helpers.py::test_tee_text_io_flush_ignores_closed_streams PASSED [  2%]
tests/detailtests/test_cli_helpers.py::test_format_user_diagnostic_impl_formats_mapping_span PASSED [  2%]
tests/detailtests/test_cli_helpers.py::test_prompt_interactive_range_impl_uses_substring_filter_message PASSED [  2%]
tests/detailtests/test_cli_helpers.py::test_run_main_impl_prints_vendor_command_and_exits PASSED [  3%]
tests/detailtests/test_cli_helpers.py::test_run_main_impl_convert_mode_invokes_convert_with_selected_variants PASSED [  3%]
tests/detailtests/test_cli_helpers.py::test_run_main_impl_auto_enables_isolated_render_for_ac08_regression_set PASSED [  3%]
tests/detailtests/test_cli_helpers.py::test_run_main_impl_auto_enables_isolated_render_for_full_ac08_range PASSED [  3%]
tests/detailtests/test_cli_helpers.py::test_run_main_impl_repair_mode_requires_repair_callback PASSED [  3%]
tests/detailtests/test_color_utils_helpers.py::test_clip_impl_uses_numpy_when_available PASSED [  3%]
tests/detailtests/test_color_utils_helpers.py::test_clip_impl_uses_scalar_fallback_without_numpy PASSED [  3%]
tests/detailtests/test_color_utils_helpers.py::test_clip_impl_raises_for_non_scalar_without_numpy PASSED [  3%]
tests/detailtests/test_color_utils_helpers.py::test_gray_to_hex_impl_clamps_and_rounds PASSED [  3%]
tests/detailtests/test_color_utils_helpers.py::test_rgb_to_hex_impl_formats_channels PASSED [  4%]
tests/detailtests/test_composite_svg_helpers.py::test_trace_image_segment_impl_returns_svg_paths PASSED [  4%]
tests/detailtests/test_composite_svg_helpers.py::test_generate_composite_svg_impl_uses_top_ref_and_square_cross PASSED [  4%]
tests/detailtests/test_conversion_bestlist_helpers.py::test_candidate_better_when_no_previous PASSED [  4%]
tests/detailtests/test_conversion_bestlist_helpers.py::test_candidate_prefers_semantic_ok PASSED [  4%]
tests/detailtests/test_conversion_bestlist_helpers.py::test_candidate_prefers_ac0223_with_valve_head_metadata PASSED [  4%]
tests/detailtests/test_conversion_bestlist_helpers.py::test_bestlist_manifest_read_write_roundtrip PASSED [  4%]
tests/detailtests/test_conversion_bestlist_helpers.py::test_store_and_restore_bestlist_snapshot_roundtrip PASSED [  4%]
tests/detailtests/test_conversion_bestlist_helpers.py::test_prune_bestlist_rows_without_existing_svg PASSED [  5%]
tests/detailtests/test_conversion_bestlist_helpers.py::test_choose_conversion_bestlist_row_prefers_previous_and_restored_values PASSED [  5%]
tests/detailtests/test_conversion_bestlist_helpers.py::test_repair_ac0223_bestlist_artifacts_removes_stale_snapshots PASSED [  5%]
tests/detailtests/test_conversion_composite_helpers.py::test_run_composite_iteration_impl_uses_plateau_and_logs PASSED [  5%]
tests/detailtests/test_conversion_execution_helpers.py::test_placeholder_diff_png_has_valid_chunk_crc PASSED [  5%]
tests/detailtests/test_conversion_execution_helpers.py::test_convert_one_impl_success_reads_convergence_and_delta2 PASSED [  5%]
tests/detailtests/test_conversion_execution_helpers.py::test_convert_one_impl_semantic_mismatch_is_reported_as_failure PASSED [  5%]
tests/detailtests/test_conversion_execution_helpers.py::test_convert_one_impl_unknown_status_is_recorded_as_failure PASSED [  5%]
tests/detailtests/test_conversion_execution_helpers.py::test_convert_one_impl_skipped_status_stays_non_failure PASSED [  6%]
tests/detailtests/test_conversion_execution_helpers.py::test_convert_one_impl_non_composite_success_renames_svg_to_failed_prefix PASSED [  6%]
tests/detailtests/test_conversion_execution_helpers.py::test_convert_one_impl_embedded_svg_uses_failed_prefix_independent_of_status PASSED [  6%]
tests/detailtests/test_conversion_execution_helpers.py::test_convert_one_impl_marks_timeout_as_batch_error PASSED [  6%]
tests/detailtests/test_conversion_execution_helpers.py::test_convert_one_impl_skipped_status_with_result_marks_embedded_svg_as_failed PASSED [  6%]
tests/detailtests/test_conversion_execution_helpers.py::test_convert_one_impl_trivial_placeholder_svg_is_marked_failed PASSED [  6%]
tests/detailtests/test_conversion_execution_helpers.py::test_convert_one_impl_marks_image_only_svg_without_raster_extension_as_failed PASSED [  6%]
tests/detailtests/test_conversion_execution_helpers.py::test_convert_one_impl_writes_ac0811_debug_dump_on_success PASSED [  6%]
tests/detailtests/test_conversion_finalization_helpers.py::test_run_conversion_finalization_executes_all_steps_and_returns_semantic_results PASSED [  7%]
tests/detailtests/test_conversion_finalization_helpers.py::test_run_conversion_finalization_skips_strategy_report_when_no_rows PASSED [  7%]
tests/detailtests/test_conversion_finalization_helpers.py::test_svg_embedded_raster_detection_supports_png_data_without_mime PASSED [  7%]
tests/detailtests/test_conversion_finalization_helpers.py::test_mark_poor_conversions_renames_svg_when_embedded_png_detected PASSED [  7%]
tests/detailtests/test_conversion_finalization_helpers.py::test_mark_poor_conversions_renames_svg_when_embedded_jpeg_detected PASSED [  7%]
tests/detailtests/test_conversion_finalization_helpers.py::test_mark_poor_conversions_detects_embedded_raster_even_without_result_row PASSED [  7%]
tests/detailtests/test_conversion_finalization_helpers.py::test_mark_poor_conversions_detects_embedded_raster_for_lowercase_variant_names PASSED [  7%]
tests/detailtests/test_conversion_finalization_helpers.py::test_mark_poor_conversions_marks_skipped_manual_review_embedded_svg_as_failed PASSED [  7%]
tests/detailtests/test_conversion_finalization_helpers.py::test_mark_poor_conversions_removes_stale_failed_svg_after_successful_result PASSED [  7%]
tests/detailtests/test_conversion_finalization_helpers.py::test_mark_poor_conversions_renames_trivial_white_fallback_svg PASSED [  8%]
tests/detailtests/test_conversion_finalization_helpers.py::test_mark_poor_conversions_renames_image_only_svg_without_detectable_raster_href PASSED [  8%]
tests/detailtests/test_conversion_finalization_helpers.py::test_canonicalize_failed_attempt_svg_names_from_suffix_format PASSED [  8%]
tests/detailtests/test_conversion_finalization_helpers.py::test_canonicalize_failed_attempt_svg_names_from_lowercase_prefix PASSED [  8%]
tests/detailtests/test_conversion_initial_pass_helpers.py::test_initial_pass_prefers_template_transfer_and_updates_bestlist PASSED [  8%]
tests/detailtests/test_conversion_initial_pass_helpers.py::test_initial_pass_uses_restored_bestlist_row_when_candidate_not_better PASSED [  8%]
tests/detailtests/test_conversion_initial_pass_helpers.py::test_initial_pass_continues_after_failed_file PASSED [  8%]
tests/detailtests/test_conversion_inputs_helpers.py::test_list_requested_image_files_filters_extension_range_and_variants PASSED [  8%]
tests/detailtests/test_conversion_inputs_helpers.py::test_list_requested_image_files_returns_all_in_range_when_no_selection PASSED [  9%]
tests/detailtests/test_conversion_inputs_helpers.py::test_input_selection_summary_contains_hints PASSED [  9%]
tests/detailtests/test_conversion_quality_pass_helpers.py::test_run_quality_passes_updates_result_map_and_bestlist PASSED [  9%]
tests/detailtests/test_conversion_quality_pass_helpers.py::test_run_quality_passes_restores_snapshot_when_not_improved PASSED [  9%]
tests/detailtests/test_conversion_quality_pass_helpers.py::test_run_quality_passes_continues_after_failed_candidate PASSED [  9%]
tests/detailtests/test_conversion_random_helpers.py::test_conversion_random_impl_uses_seed_env PASSED [  9%]
tests/detailtests/test_conversion_random_helpers.py::test_conversion_random_impl_falls_back_to_time_ns_for_invalid_seed PASSED [  9%]
tests/detailtests/test_conversion_reporting_helpers.py::test_run_post_conversion_reporting_writes_reports_and_manifest PASSED [  9%]
tests/detailtests/test_conversion_reporting_helpers.py::test_run_post_conversion_reporting_skips_manifest_refresh_when_missing PASSED [ 10%]
tests/detailtests/test_dependency_bootstrap_runtime_helpers.py::test_bootstrap_required_image_dependencies_for_runtime_impl_installs_and_sets_modules PASSED [ 10%]
tests/detailtests/test_dependency_bootstrap_runtime_helpers.py::test_bootstrap_required_image_dependencies_for_runtime_impl_uses_custom_module_names PASSED [ 10%]
tests/detailtests/test_dependency_helpers.py::test_missing_required_image_dependencies_impl PASSED [ 10%]
tests/detailtests/test_dependency_helpers.py::test_bootstrap_required_image_dependencies_impl_runs_install_and_sets_modules PASSED [ 10%]
tests/detailtests/test_dependency_helpers.py::test_bootstrap_required_image_dependencies_impl_raises_runtime_error_on_pip_failure PASSED [ 10%]
tests/detailtests/test_dependency_helpers.py::test_ensure_conversion_runtime_dependencies_impl_requires_cv2_numpy_and_fitz PASSED [ 10%]
tests/detailtests/test_diffing_helpers.py::test_calculate_error_impl_returns_inf_for_missing_svg PASSED [ 10%]
tests/detailtests/test_diffing_helpers.py::test_calculate_error_impl_uses_mean_absdiff PASSED [ 11%]
tests/detailtests/test_diffing_helpers.py::test_create_diff_image_impl_applies_focus_mask PASSED [ 11%]
tests/detailtests/test_dual_arrow_runtime_helpers.py::test_run_dual_arrow_badge_iteration_impl_uses_fallback_when_detection_fails PASSED [ 11%]
tests/detailtests/test_dual_arrow_runtime_helpers.py::test_run_dual_arrow_badge_iteration_impl_records_render_failure_with_badge_params PASSED [ 11%]
tests/detailtests/test_element_mask_helpers.py::test_extract_badge_element_mask_returns_none_for_missing_region PASSED [ 11%]
tests/detailtests/test_element_mask_helpers.py::test_extract_badge_element_mask_intersects_region_and_foreground PASSED [ 11%]
tests/detailtests/test_element_validation_helpers.py::test_apply_element_alignment_step_updates_circle_geometry PASSED [ 11%]
tests/detailtests/test_element_validation_helpers.py::test_apply_element_alignment_step_honors_locked_circle_center PASSED [ 11%]
tests/detailtests/test_error_metric_helpers.py::test_element_only_params_impl PASSED [ 11%]
tests/detailtests/test_error_metric_helpers.py::test_union_bbox_from_masks_impl_combines_boxes PASSED [ 12%]
tests/detailtests/test_error_metric_helpers.py::test_masked_union_error_in_bbox_impl_returns_finite_value PASSED [ 12%]
tests/detailtests/test_error_metric_helpers.py::test_masked_error_impl_handles_empty_mask PASSED [ 12%]
tests/detailtests/test_error_metric_helpers.py::test_calculate_delta2_stats_impl_returns_mean_and_std PASSED [ 12%]
tests/detailtests/test_error_metric_helpers.py::test_element_match_error_impl_returns_finite_score_for_overlap PASSED [ 12%]
tests/detailtests/test_error_metric_helpers.py::test_element_match_error_impl_applies_circle_undersize_penalty PASSED [ 12%]
tests/detailtests/test_extract_remaining_functions_batch_tool.py::test_extracts_only_non_delegating_functions_and_writes_logs PASSED [ 12%]
tests/detailtests/test_fallback_helpers.py::test_run_embedded_raster_fallback_writes_failed_prefixed_svg PASSED [ 12%]
tests/detailtests/test_fill_missing_parameters_tool.py::test_fill_missing_parameters_updates_signature_and_calls PASSED [ 13%]
tests/detailtests/test_filling_parameter_tool.py::test_fill_missing_parameters_updates_signature_and_calls <- tests/detailtests/test_fill_missing_parameters_tool.py PASSED [ 13%]
tests/detailtests/test_forms_symmetric_chords_helpers.py::test_derive_symmetric_chord_spec_impl_extracts_angle_and_offset PASSED [ 13%]
tests/detailtests/test_forms_symmetric_chords_helpers.py::test_render_symmetric_chord_circle_svg_impl_adds_inner_clip_and_round_caps PASSED [ 13%]
tests/detailtests/test_forms_symmetric_chords_helpers.py::test_render_symmetric_chord_circle_svg_impl_can_disable_inner_clipping PASSED [ 13%]
tests/detailtests/test_generate_function_modularization_plan_tool.py::test_generate_function_modularization_plan PASSED [ 13%]
tests/detailtests/test_geometry_brackets_helpers.py::test_optimize_circle_center_bracket_respects_radius_floor_clearance PASSED [ 13%]
tests/detailtests/test_geometry_brackets_helpers.py::test_optimize_circle_center_bracket_allows_y_refine_when_text_window_collapses_x PASSED [ 13%]
tests/detailtests/test_geometry_optimization_helpers.py::test_optimize_element_width_bracket_updates_stem_width_and_center PASSED [ 14%]
tests/detailtests/test_geometry_optimization_helpers.py::test_element_error_for_extent_returns_inf_for_unknown_element PASSED [ 14%]
tests/detailtests/test_global_search_optimization_helpers.py::test_full_badge_error_for_params_returns_inf_when_render_is_none PASSED [ 14%]
tests/detailtests/test_global_search_optimization_helpers.py::test_full_badge_error_for_params_uses_render_pipeline_result PASSED [ 14%]
tests/detailtests/test_global_search_optimization_helpers.py::test_global_search_skips_when_less_than_two_parameters_are_active PASSED [ 14%]
tests/detailtests/test_global_search_optimization_helpers.py::test_global_search_logs_reduced_mode_for_two_or_three_active_parameters PASSED [ 14%]
tests/detailtests/test_global_search_optimization_helpers.py::test_global_search_logs_evaluate_telemetry_when_no_improvement PASSED [ 14%]
tests/detailtests/test_global_search_optimization_helpers.py::test_global_search_caches_duplicate_evaluations PASSED [ 14%]
tests/detailtests/test_global_search_optimization_helpers.py::test_global_search_reuses_cache_across_invocations_for_same_image PASSED [ 14%]
tests/detailtests/test_global_search_optimization_helpers.py::test_global_search_can_improve_error_by_varying_arm_x1 PASSED [ 15%]
tests/detailtests/test_global_search_optimization_helpers.py::test_global_search_can_improve_error_by_varying_arm_y1 PASSED [ 15%]
tests/detailtests/test_global_search_optimization_helpers.py::test_global_search_can_improve_error_by_varying_arm_x2 PASSED [ 15%]
tests/detailtests/test_global_search_optimization_helpers.py::test_global_search_skips_deterministic_track_after_strong_stochastic_gain PASSED [ 15%]
tests/detailtests/test_global_search_optimization_helpers.py::test_global_search_does_not_count_small_relevant_gain_as_no_improvement PASSED [ 15%]
tests/detailtests/test_global_search_optimization_helpers.py::test_global_search_can_improve_error_by_varying_arm_y2 PASSED [ 15%]
tests/detailtests/test_global_search_optimization_helpers.py::test_global_search_can_improve_error_by_varying_arm_stroke PASSED [ 15%]
tests/detailtests/test_global_search_optimization_helpers.py::test_global_search_can_improve_error_by_varying_stem_x PASSED [ 15%]
tests/detailtests/test_global_search_optimization_helpers.py::test_global_search_can_improve_error_by_varying_stem_top PASSED [ 16%]
tests/detailtests/test_global_search_optimization_helpers.py::test_global_search_can_improve_error_by_varying_stem_bottom PASSED [ 16%]
tests/detailtests/test_global_search_optimization_helpers.py::test_global_search_can_improve_error_by_varying_stem_width PASSED [ 16%]
tests/detailtests/test_global_search_optimization_helpers.py::test_global_search_can_improve_error_by_varying_text_x PASSED [ 16%]
tests/detailtests/test_global_search_optimization_helpers.py::test_global_search_can_improve_error_by_varying_text_y PASSED [ 16%]
tests/detailtests/test_global_search_optimization_helpers.py::test_global_search_can_improve_error_by_varying_text_scale PASSED [ 16%]
tests/detailtests/test_global_vector_bounds_helpers.py::test_global_parameter_vector_bounds_respects_locks_by_default PASSED [ 16%]
tests/detailtests/test_global_vector_bounds_helpers.py::test_global_parameter_vector_bounds_unlocks_when_ac0811_unrestricted_flag_set PASSED [ 16%]
tests/detailtests/test_gradient_stripe_strategy_helpers.py::test_detect_gradient_stripe_strategy_extracts_bbox_and_stops PASSED [ 17%]
tests/detailtests/test_gradient_stripe_strategy_helpers.py::test_build_gradient_stripe_svg_renders_gradient_stops PASSED [ 17%]
tests/detailtests/test_gradient_stripe_strategy_helpers.py::test_detect_gradient_stripe_strategy_skips_tiny_canvas_height PASSED [ 17%]
tests/detailtests/test_image_loading_helpers.py::test_load_grayscale_image_impl_reads_pixels PASSED [ 17%]
tests/detailtests/test_image_loading_helpers.py::test_load_binary_image_with_mode_impl_global_and_otsu PASSED [ 17%]
tests/detailtests/test_image_loading_helpers.py::test_load_binary_image_with_mode_impl_adaptive_and_invalid_mode PASSED [ 17%]
tests/detailtests/test_iteration_artifacts_helpers.py::test_write_validation_log_writes_meta_and_lines PASSED [ 17%]
tests/detailtests/test_iteration_artifacts_helpers.py::test_write_attempt_artifacts_failed_only_writes_svg PASSED [ 17%]
tests/detailtests/test_iteration_artifacts_helpers.py::test_write_attempt_artifacts_renders_and_writes_diff PASSED [ 18%]
tests/detailtests/test_iteration_artifacts_helpers.py::test_params_snapshot_impl_serializes_sorted_json PASSED [ 18%]
tests/detailtests/test_iteration_artifacts_helpers.py::test_write_render_failure_log_with_svg_and_params PASSED [ 18%]
tests/detailtests/test_iteration_artifacts_helpers.py::test_write_render_failure_log_without_svg PASSED [ 18%]
tests/detailtests/test_iteration_bindings_helpers.py::test_extract_iteration_input_runtime_fields_impl_maps_expected_keys PASSED [ 18%]
tests/detailtests/test_iteration_bindings_helpers.py::test_extract_iteration_runtime_callbacks_impl_maps_expected_keys PASSED [ 18%]
tests/detailtests/test_iteration_bindings_helpers.py::test_extract_iteration_input_runtime_locals_impl_maps_expected_keys PASSED [ 18%]
tests/detailtests/test_iteration_bindings_helpers.py::test_extract_iteration_runtime_callback_locals_impl_maps_expected_keys PASSED [ 18%]
tests/detailtests/test_iteration_bindings_helpers.py::test_extract_iteration_mode_runtime_bindings_impl_maps_expected_keys PASSED [ 18%]
tests/detailtests/test_iteration_bindings_helpers.py::test_extract_iteration_mode_runtime_locals_impl_maps_expected_keys PASSED [ 19%]
tests/detailtests/test_iteration_bindings_helpers.py::test_extract_run_iteration_pipeline_locals_impl_maps_expected_keys PASSED [ 19%]
tests/detailtests/test_iteration_context_helpers.py::test_extract_iteration_input_bindings_impl_maps_prepare_output_keys PASSED [ 19%]
tests/detailtests/test_iteration_context_helpers.py::test_extract_iteration_mode_runtime_bindings_impl_exposes_mode_runtime_fields PASSED [ 19%]
tests/detailtests/test_iteration_context_helpers.py::test_build_prepared_iteration_mode_kwargs_impl_maps_mode_runners_and_callbacks PASSED [ 19%]
tests/detailtests/test_iteration_dispatch_helpers.py::test_run_prepared_iteration_mode_impl_routes_semantic_badge_with_core_fields PASSED [ 19%]
tests/detailtests/test_iteration_dispatch_helpers.py::test_run_prepared_iteration_mode_impl_routes_composite_with_iteration_context PASSED [ 19%]
tests/detailtests/test_iteration_dispatch_helpers.py::test_run_prepared_iteration_mode_impl_normalizes_short_composite_result_shape PASSED [ 19%]
tests/detailtests/test_iteration_execution_context_helpers.py::test_build_run_prepared_iteration_and_finalize_kwargs_impl_maps_expected_keys PASSED [ 20%]
tests/detailtests/test_iteration_execution_context_helpers.py::test_build_prepared_mode_builder_kwargs_for_run_impl_maps_expected_keys PASSED [ 20%]
tests/detailtests/test_iteration_execution_context_helpers.py::test_run_prepared_iteration_and_finalize_for_run_impl_builds_kwargs_and_runs PASSED [ 20%]
tests/detailtests/test_iteration_execution_context_helpers.py::test_build_prepared_mode_builder_kwargs_for_run_pipeline_impl_delegates_in_sequence PASSED [ 20%]
tests/detailtests/test_iteration_execution_context_helpers.py::test_execute_run_iteration_pipeline_impl_delegates_build_then_run PASSED [ 20%]
tests/detailtests/test_iteration_execution_context_helpers.py::test_build_execute_run_iteration_pipeline_kwargs_impl_maps_expected_keys PASSED [ 20%]
tests/detailtests/test_iteration_execution_context_helpers.py::test_build_run_iteration_pipeline_for_run_locals_kwargs_impl_maps_expected_keys PASSED [ 20%]
tests/detailtests/test_iteration_execution_context_helpers.py::test_build_run_iteration_pipeline_for_run_locals_kwargs_for_run_impl_uses_run_defaults PASSED [ 20%]
tests/detailtests/test_iteration_execution_context_helpers.py::test_execute_run_iteration_pipeline_for_run_impl_delegates_to_execute_with_run_defaults PASSED [ 21%]
tests/detailtests/test_iteration_execution_context_helpers.py::test_run_iteration_pipeline_for_run_locals_impl_returns_none_without_dispatch PASSED [ 21%]
tests/detailtests/test_iteration_execution_context_helpers.py::test_run_iteration_pipeline_for_run_locals_impl_dispatches_with_same_arguments PASSED [ 21%]
tests/detailtests/test_iteration_execution_context_helpers.py::test_run_iteration_pipeline_for_run_impl_delegates_builder_then_runner PASSED [ 21%]
tests/detailtests/test_iteration_execution_context_helpers.py::test_build_run_iteration_pipeline_for_run_call_kwargs_impl_maps_expected_keys PASSED [ 21%]
tests/detailtests/test_iteration_execution_helpers.py::test_build_prepared_mode_builder_kwargs_impl_collects_runtime_fields PASSED [ 21%]
tests/detailtests/test_iteration_execution_helpers.py::test_run_prepared_iteration_and_finalize_impl_builds_runs_and_finalizes PASSED [ 21%]
tests/detailtests/test_iteration_finalization_helpers.py::test_finalize_iteration_result_impl_returns_non_composite_result_unchanged PASSED [ 21%]
tests/detailtests/test_iteration_finalization_helpers.py::test_finalize_iteration_result_impl_drops_non_finite_composite_error PASSED [ 22%]
tests/detailtests/test_iteration_finalization_helpers.py::test_finalize_iteration_result_impl_accepts_short_composite_tuple_shape PASSED [ 22%]
tests/detailtests/test_iteration_initialization_helpers.py::test_prepare_iteration_runtime_impl_builds_base_and_callbacks PASSED [ 22%]
tests/detailtests/test_iteration_initialization_helpers.py::test_extract_iteration_runtime_bindings_impl_exposes_runtime_callbacks PASSED [ 22%]
tests/detailtests/test_iteration_log_helpers.py::test_write_iteration_log_and_collect_semantic_rows PASSED [ 22%]
tests/detailtests/test_iteration_mode_dependencies_helpers.py::test_build_iteration_mode_runner_dependencies_impl_maps_all_runtime_hooks PASSED [ 22%]
tests/detailtests/test_iteration_mode_dependency_setup_helpers.py::test_build_iteration_mode_runner_dependencies_for_run_impl_uses_expected_runtime_hooks PASSED [ 22%]
tests/detailtests/test_iteration_mode_preparation_helpers.py::test_prepare_iteration_mode_runtime_for_run_impl_wires_dependencies_and_extracts_bindings PASSED [ 22%]
tests/detailtests/test_iteration_mode_runtime_helpers.py::test_build_iteration_mode_runners_impl_wires_semantic_validation_collector PASSED [ 22%]
tests/detailtests/test_iteration_mode_runtime_helpers.py::test_build_iteration_mode_runners_impl_wires_dual_arrow_detector_with_numpy_module PASSED [ 23%]
tests/detailtests/test_iteration_mode_runtime_preparation_helpers.py::test_build_prepare_iteration_mode_runtime_bindings_for_run_kwargs_impl_maps_expected_keys PASSED [ 23%]
tests/detailtests/test_iteration_mode_runtime_preparation_helpers.py::test_prepare_iteration_mode_runtime_bindings_impl_builds_kwargs_and_extracts_bindings PASSED [ 23%]
tests/detailtests/test_iteration_mode_runtime_preparation_helpers.py::test_prepare_iteration_mode_runtime_bindings_for_run_impl_builds_mode_setup_kwargs PASSED [ 23%]
tests/detailtests/test_iteration_mode_runtime_preparation_helpers.py::test_prepare_iteration_mode_runtime_locals_for_run_impl_prepares_and_extracts_locals PASSED [ 23%]
tests/detailtests/test_iteration_mode_setup_helpers.py::test_build_prepare_iteration_mode_runtime_for_run_kwargs_impl_includes_dependency_module_map PASSED [ 23%]
tests/detailtests/test_iteration_orchestration_helpers.py::test_prepare_iteration_mode_runtime_impl_applies_visual_override_then_builds_runners PASSED [ 23%]
tests/detailtests/test_iteration_orchestration_helpers.py::test_run_iteration_pipeline_orchestration_impl_wires_prepare_and_dispatch PASSED [ 23%]
tests/detailtests/test_iteration_orchestration_helpers.py::test_build_prepare_run_locals_for_run_call_kwargs_impl_returns_copy PASSED [ 24%]
tests/detailtests/test_iteration_orchestration_helpers.py::test_build_run_iteration_pipeline_orchestration_kwargs_for_run_impl_returns_copy PASSED [ 24%]
tests/detailtests/test_iteration_orchestration_helpers.py::test_build_ensure_conversion_runtime_dependencies_kwargs_impl_returns_copy PASSED [ 24%]
tests/detailtests/test_iteration_orchestration_helpers.py::test_build_run_iteration_pipeline_dispatch_kwargs_impl_returns_copy PASSED [ 24%]
tests/detailtests/test_iteration_orchestration_helpers.py::test_execute_ensure_conversion_runtime_dependencies_impl_delegates_runner PASSED [ 24%]
tests/detailtests/test_iteration_orchestration_helpers.py::test_execute_run_iteration_pipeline_dispatch_impl_delegates_builder_then_runner PASSED [ 24%]
tests/detailtests/test_iteration_orchestration_helpers.py::test_execute_prepare_run_locals_for_run_impl_delegates_builder_then_runner PASSED [ 24%]
tests/detailtests/test_iteration_orchestration_helpers.py::test_execute_run_iteration_pipeline_orchestration_for_run_impl_delegates_builder_then_runner PASSED [ 24%]
tests/detailtests/test_iteration_orchestration_helpers.py::test_run_iteration_pipeline_via_orchestration_for_run_impl_delegates_executor PASSED [ 25%]
tests/detailtests/test_iteration_orchestration_helpers.py::test_build_run_iteration_pipeline_via_orchestration_call_kwargs_impl_returns_copy PASSED [ 25%]
tests/detailtests/test_iteration_orchestration_helpers.py::test_execute_run_iteration_pipeline_via_orchestration_impl_delegates_executor PASSED [ 25%]
tests/detailtests/test_iteration_orchestration_helpers.py::test_build_run_iteration_pipeline_via_orchestration_for_run_call_kwargs_impl_returns_copy PASSED [ 25%]
tests/detailtests/test_iteration_orchestration_helpers.py::test_build_run_iteration_pipeline_from_inputs_via_orchestration_kwargs_impl_returns_copy PASSED [ 25%]
tests/detailtests/test_iteration_orchestration_helpers.py::test_run_iteration_pipeline_from_inputs_via_orchestration_impl_delegates_builder_then_runner PASSED [ 25%]
tests/detailtests/test_iteration_orchestration_helpers.py::test_build_run_iteration_pipeline_from_inputs_via_orchestration_call_kwargs_impl_returns_copy PASSED [ 25%]
tests/detailtests/test_iteration_orchestration_helpers.py::test_execute_run_iteration_pipeline_from_inputs_via_orchestration_impl_delegates_runner PASSED [ 25%]
tests/detailtests/test_iteration_orchestration_helpers.py::test_run_iteration_pipeline_from_inputs_via_orchestration_for_run_impl_delegates_executor PASSED [ 25%]
tests/detailtests/test_iteration_orchestration_helpers.py::test_build_run_iteration_pipeline_from_inputs_via_orchestration_for_run_call_kwargs_impl_returns_copy PASSED [ 26%]
tests/detailtests/test_iteration_orchestration_helpers.py::test_execute_run_iteration_pipeline_from_inputs_via_orchestration_for_run_impl_delegates_runner PASSED [ 26%]
tests/detailtests/test_iteration_orchestration_helpers.py::test_run_iteration_pipeline_from_inputs_via_orchestration_for_run_call_impl_delegates_builder_then_executor PASSED [ 26%]
tests/detailtests/test_iteration_pipeline_helpers.py::test_build_run_iteration_pipeline_orchestration_kwargs_for_run_from_inputs_impl_delegates_mapping_and_execution PASSED [ 26%]
tests/detailtests/test_iteration_pipeline_helpers.py::test_run_iteration_pipeline_impl_delegates_orchestration_wiring PASSED [ 26%]
tests/detailtests/test_iteration_pipeline_helpers.py::test_build_run_iteration_pipeline_from_inputs_via_orchestration_for_run_call_kwargs_impl_returns_copy PASSED [ 26%]
tests/detailtests/test_iteration_pipeline_helpers.py::test_build_run_iteration_pipeline_from_inputs_via_orchestration_for_run_from_inputs_dispatch_call_kwargs_impl_returns_copy PASSED [ 26%]
tests/detailtests/test_iteration_pipeline_helpers.py::test_build_run_iteration_pipeline_orchestration_kwargs_for_run_call_kwargs_impl_returns_copy PASSED [ 26%]
tests/detailtests/test_iteration_pipeline_helpers.py::test_build_run_iteration_pipeline_from_inputs_via_orchestration_kwargs_for_run_call_kwargs_impl_returns_copy PASSED [ 27%]
tests/detailtests/test_iteration_pipeline_helpers.py::test_build_run_iteration_pipeline_from_inputs_via_orchestration_for_run_call_kwargs_for_run_impl_returns_copy PASSED [ 27%]
tests/detailtests/test_iteration_pipeline_helpers.py::test_build_run_iteration_pipeline_orchestration_call_kwargs_impl_returns_copy PASSED [ 27%]
tests/detailtests/test_iteration_pipeline_helpers.py::test_build_run_iteration_pipeline_from_inputs_via_orchestration_call_kwargs_impl_returns_copy PASSED [ 27%]
tests/detailtests/test_iteration_pipeline_helpers.py::test_execute_build_run_iteration_pipeline_orchestration_kwargs_for_run_impl_delegates_builder PASSED [ 27%]
tests/detailtests/test_iteration_pipeline_helpers.py::test_execute_run_iteration_pipeline_from_inputs_via_orchestration_kwargs_builder_for_run_impl_delegates_builder PASSED [ 27%]
tests/detailtests/test_iteration_pipeline_helpers.py::test_run_iteration_pipeline_orchestration_kwargs_for_run_impl_delegates_executor PASSED [ 27%]
tests/detailtests/test_iteration_pipeline_helpers.py::test_run_iteration_pipeline_orchestration_kwargs_for_run_call_impl_delegates_builder_then_executor PASSED [ 27%]
tests/detailtests/test_iteration_pipeline_helpers.py::test_build_run_iteration_pipeline_orchestration_kwargs_for_run_call_kwargs_for_run_impl_builds_call_kwargs PASSED [ 28%]
tests/detailtests/test_iteration_pipeline_helpers.py::test_run_iteration_pipeline_orchestration_kwargs_for_run_call_sequence_for_run_impl_delegates_builder_then_executor PASSED [ 28%]
tests/detailtests/test_iteration_pipeline_helpers.py::test_build_run_iteration_pipeline_from_inputs_via_orchestration_kwargs_for_run_impl_delegates_mapping_and_builder_execution PASSED [ 28%]
tests/detailtests/test_iteration_pipeline_helpers.py::test_build_run_iteration_pipeline_from_inputs_via_orchestration_kwargs_for_run_call_kwargs_for_run_impl_builds_call_kwargs PASSED [ 28%]
tests/detailtests/test_iteration_pipeline_helpers.py::test_run_iteration_pipeline_from_inputs_via_orchestration_kwargs_for_run_sequence_for_run_impl_delegates_builder_then_executor PASSED [ 28%]
tests/detailtests/test_iteration_pipeline_helpers.py::test_build_run_iteration_pipeline_from_inputs_via_orchestration_kwargs_for_run_from_inputs_kwargs_impl_returns_copy PASSED [ 28%]
tests/detailtests/test_iteration_pipeline_helpers.py::test_run_iteration_pipeline_from_inputs_via_orchestration_kwargs_for_run_from_inputs_impl_delegates_builder_then_runner PASSED [ 28%]
tests/detailtests/test_iteration_pipeline_helpers.py::test_build_run_iteration_pipeline_from_inputs_via_orchestration_kwargs_for_run_from_inputs_call_kwargs_impl_returns_copy PASSED [ 28%]
tests/detailtests/test_iteration_pipeline_helpers.py::test_run_iteration_pipeline_from_inputs_via_orchestration_kwargs_for_run_from_inputs_call_impl_delegates_builder_then_runner PASSED [ 29%]
tests/detailtests/test_iteration_pipeline_helpers.py::test_execute_run_iteration_pipeline_from_inputs_via_orchestration_for_run_call_impl_delegates_builder_then_runner PASSED [ 29%]
tests/detailtests/test_iteration_pipeline_helpers.py::test_run_iteration_pipeline_from_inputs_via_orchestration_for_run_call_for_run_impl_delegates_executor PASSED [ 29%]
tests/detailtests/test_iteration_pipeline_helpers.py::test_run_iteration_pipeline_from_inputs_via_orchestration_for_run_call_for_run_kwargs_impl_delegates_builder PASSED [ 29%]
tests/detailtests/test_iteration_pipeline_helpers.py::test_build_run_iteration_pipeline_from_inputs_via_orchestration_for_run_call_for_run_call_kwargs_impl_returns_copy PASSED [ 29%]
tests/detailtests/test_iteration_pipeline_helpers.py::test_build_run_iteration_pipeline_from_inputs_via_orchestration_for_run_call_for_run_call_kwargs_for_run_impl_returns_mapping PASSED [ 29%]
tests/detailtests/test_iteration_pipeline_helpers.py::test_run_iteration_pipeline_from_inputs_via_orchestration_for_run_call_for_run_call_impl_delegates_builder_then_runner PASSED [ 29%]
tests/detailtests/test_iteration_pipeline_helpers.py::test_run_iteration_pipeline_from_inputs_via_orchestration_for_run_call_for_run_call_call_kwargs_for_run_impl_builds_call_kwargs PASSED [ 29%]
tests/detailtests/test_iteration_pipeline_helpers.py::test_run_iteration_pipeline_from_inputs_via_orchestration_for_run_call_for_run_call_call_sequence_for_run_impl_delegates_runner PASSED [ 29%]
tests/detailtests/test_iteration_pipeline_helpers.py::test_run_iteration_pipeline_from_inputs_via_orchestration_for_run_call_for_run_call_for_run_impl_delegates_builder_then_runner PASSED [ 30%]
tests/detailtests/test_iteration_pipeline_helpers.py::test_run_iteration_pipeline_from_inputs_via_orchestration_kwargs_for_run_call_impl_delegates_builder PASSED [ 30%]
tests/detailtests/test_iteration_pipeline_helpers.py::test_build_run_iteration_pipeline_from_inputs_via_orchestration_for_run_from_inputs_call_kwargs_impl_delegates_builder PASSED [ 30%]
tests/detailtests/test_iteration_pipeline_helpers.py::test_run_iteration_pipeline_from_inputs_via_orchestration_for_run_from_inputs_call_impl_delegates_builder_then_runner PASSED [ 30%]
tests/detailtests/test_iteration_pipeline_helpers.py::test_build_run_iteration_pipeline_from_inputs_via_orchestration_kwargs_for_run_from_inputs_call_for_run_impl_delegates_sequence PASSED [ 30%]
tests/detailtests/test_iteration_pipeline_helpers.py::test_run_iteration_pipeline_from_inputs_via_orchestration_for_run_from_inputs_call_call_kwargs_for_run_impl_delegates_builder PASSED [ 30%]
tests/detailtests/test_iteration_pipeline_helpers.py::test_run_iteration_pipeline_from_inputs_via_orchestration_for_run_from_inputs_call_call_sequence_for_run_impl_delegates_runner PASSED [ 30%]
tests/detailtests/test_iteration_pipeline_helpers.py::test_build_run_iteration_pipeline_from_inputs_via_orchestration_for_run_from_inputs_call_for_run_call_kwargs_impl_returns_copy PASSED [ 30%]
tests/detailtests/test_iteration_pipeline_helpers.py::test_build_run_iteration_pipeline_from_inputs_via_orchestration_for_run_from_inputs_call_for_run_call_kwargs_for_run_impl_returns_copy PASSED [ 31%]
tests/detailtests/test_iteration_pipeline_helpers.py::test_build_run_iteration_pipeline_from_inputs_via_orchestration_for_run_from_inputs_call_for_run_kwargs_impl_returns_copy PASSED [ 31%]
tests/detailtests/test_iteration_pipeline_helpers.py::test_build_run_iteration_pipeline_from_inputs_via_orchestration_for_run_from_inputs_call_for_run_kwargs_for_run_impl_delegates_wiring PASSED [ 31%]
tests/detailtests/test_iteration_pipeline_helpers.py::test_build_run_iteration_pipeline_from_inputs_via_orchestration_for_run_from_inputs_call_for_run_call_for_run_kwargs_impl_delegates_wiring PASSED [ 31%]
tests/detailtests/test_iteration_pipeline_helpers.py::test_run_iteration_pipeline_from_inputs_via_orchestration_for_run_from_inputs_call_for_run_impl_delegates_builder_then_runner PASSED [ 31%]
tests/detailtests/test_iteration_pipeline_helpers.py::test_run_iteration_pipeline_from_inputs_via_orchestration_for_run_from_inputs_call_for_run_call_for_run_impl_delegates_builder_then_runner PASSED [ 31%]
tests/detailtests/test_iteration_pipeline_helpers.py::test_build_run_iteration_pipeline_from_inputs_via_orchestration_for_run_from_inputs_dispatch_kwargs_impl_returns_copy PASSED [ 31%]
tests/detailtests/test_iteration_pipeline_helpers.py::test_build_run_iteration_pipeline_from_inputs_via_orchestration_for_run_from_inputs_dispatch_kwargs_for_run_impl_delegates_wiring PASSED [ 31%]
tests/detailtests/test_iteration_pipeline_helpers.py::test_run_iteration_pipeline_from_inputs_via_orchestration_for_run_from_inputs_dispatch_impl_delegates_builder_then_runner PASSED [ 32%]
tests/detailtests/test_iteration_pipeline_helpers.py::test_build_run_iteration_pipeline_from_inputs_via_orchestration_for_run_from_inputs_dispatch_call_kwargs_for_run_impl_delegates_wiring PASSED [ 32%]
tests/detailtests/test_iteration_pipeline_helpers.py::test_build_run_iteration_pipeline_from_inputs_via_orchestration_for_run_from_inputs_dispatch_call_for_run_kwargs_impl_delegates_sequence PASSED [ 32%]
tests/detailtests/test_iteration_pipeline_helpers.py::test_build_run_iteration_pipeline_from_inputs_via_orchestration_for_run_from_inputs_dispatch_call_for_run_call_kwargs_impl_returns_copy PASSED [ 32%]
tests/detailtests/test_iteration_pipeline_helpers.py::test_build_run_iteration_pipeline_from_inputs_via_orchestration_for_run_from_inputs_dispatch_call_for_run_call_kwargs_for_run_impl_delegates_builder PASSED [ 32%]
tests/detailtests/test_iteration_pipeline_helpers.py::test_run_iteration_pipeline_from_inputs_via_orchestration_for_run_from_inputs_dispatch_call_for_run_impl_delegates_dispatch_runner PASSED [ 32%]
tests/detailtests/test_iteration_pipeline_helpers.py::test_build_run_iteration_pipeline_impl_orchestration_call_kwargs_for_run_impl_returns_copy PASSED [ 32%]
tests/detailtests/test_iteration_pipeline_helpers.py::test_build_run_iteration_pipeline_from_inputs_via_orchestration_for_run_from_inputs_dispatch_call_for_run_from_inputs_kwargs_impl_returns_copy PASSED [ 32%]
tests/detailtests/test_iteration_pipeline_helpers.py::test_build_run_iteration_pipeline_impl_from_inputs_dispatch_call_kwargs_for_run_impl_returns_copy PASSED [ 33%]
tests/detailtests/test_iteration_pipeline_helpers.py::test_build_run_iteration_pipeline_from_inputs_via_orchestration_for_run_from_inputs_dispatch_call_for_run_from_inputs_kwargs_for_run_impl_delegates_builder PASSED [ 33%]
tests/detailtests/test_iteration_pipeline_helpers.py::test_build_run_iteration_pipeline_impl_from_inputs_dispatch_call_for_run_call_kwargs_impl_returns_copy PASSED [ 33%]
tests/detailtests/test_iteration_pipeline_helpers.py::test_build_run_iteration_pipeline_impl_from_inputs_dispatch_call_for_run_dispatch_call_builder_kwargs_impl_returns_copy PASSED [ 33%]
tests/detailtests/test_iteration_pipeline_helpers.py::test_build_run_iteration_pipeline_impl_orchestration_call_for_run_kwargs_impl_returns_copy PASSED [ 33%]
tests/detailtests/test_iteration_pipeline_helpers.py::test_build_run_iteration_pipeline_impl_orchestration_dispatch_kwargs_impl_returns_copy PASSED [ 33%]
tests/detailtests/test_iteration_pipeline_helpers.py::test_build_run_iteration_pipeline_impl_orchestration_dispatch_for_run_kwargs_impl_returns_copy PASSED [ 33%]
tests/detailtests/test_iteration_pipeline_helpers.py::test_run_iteration_pipeline_impl_orchestration_call_for_run_impl_delegates_builder_then_runner PASSED [ 33%]
tests/detailtests/test_iteration_pipeline_helpers.py::test_run_iteration_pipeline_impl_orchestration_dispatch_for_run_impl_delegates_builder_then_runner PASSED [ 33%]
tests/detailtests/test_iteration_pipeline_helpers.py::test_run_iteration_pipeline_impl_orchestration_dispatch_resolution_for_run_impl_builds_call_kwargs PASSED [ 34%]
tests/detailtests/test_iteration_pipeline_helpers.py::test_run_iteration_pipeline_impl_orchestration_dispatch_call_for_run_kwargs_for_run_impl_builds_mapping PASSED [ 34%]
tests/detailtests/test_iteration_pipeline_helpers.py::test_run_iteration_pipeline_impl_orchestration_dispatch_for_run_call_sequence_for_run_impl_delegates_runner PASSED [ 34%]
tests/detailtests/test_iteration_pipeline_helpers.py::test_build_run_iteration_pipeline_impl_from_inputs_dispatch_call_for_run_dispatch_call_builder_kwargs_for_run_impl_delegates_builder PASSED [ 34%]
tests/detailtests/test_iteration_pipeline_helpers.py::test_build_run_iteration_pipeline_impl_from_inputs_dispatch_call_for_run_dispatch_call_kwargs_impl_returns_copy PASSED [ 34%]
tests/detailtests/test_iteration_pipeline_helpers.py::test_build_run_iteration_pipeline_impl_from_inputs_dispatch_call_for_run_dispatch_call_kwargs_for_run_impl_delegates_builder PASSED [ 34%]
tests/detailtests/test_iteration_pipeline_helpers.py::test_build_run_iteration_pipeline_impl_from_inputs_dispatch_call_for_run_call_runner_kwargs_impl_returns_copy PASSED [ 34%]
tests/detailtests/test_iteration_pipeline_helpers.py::test_build_run_iteration_pipeline_impl_from_inputs_dispatch_call_for_run_call_runner_for_run_kwargs_impl_returns_copy PASSED [ 34%]
tests/detailtests/test_iteration_pipeline_helpers.py::test_build_run_iteration_pipeline_impl_from_inputs_dispatch_call_for_run_call_runner_for_run_kwargs_for_run_impl_delegates_builder PASSED [ 35%]
tests/detailtests/test_iteration_pipeline_helpers.py::test_run_iteration_pipeline_impl_from_inputs_dispatch_call_for_run_call_for_run_impl_delegates_runner PASSED [ 35%]
tests/detailtests/test_iteration_pipeline_helpers.py::test_run_iteration_pipeline_impl_from_inputs_dispatch_call_for_run_call_runner_for_run_impl_delegates_builder_then_runner PASSED [ 35%]
tests/detailtests/test_iteration_pipeline_helpers.py::test_run_iteration_pipeline_impl_from_inputs_dispatch_call_for_run_call_runner_sequence_for_run_impl_delegates_builder_then_runner PASSED [ 35%]
tests/detailtests/test_iteration_pipeline_helpers.py::test_run_iteration_pipeline_impl_from_inputs_dispatch_call_for_run_call_runner_kwargs_for_run_impl_builds_nested_runner_kwargs PASSED [ 35%]
tests/detailtests/test_iteration_pipeline_helpers.py::test_run_iteration_pipeline_impl_from_inputs_dispatch_call_for_run_dispatch_call_builder_for_run_impl_delegates_builder PASSED [ 35%]
tests/detailtests/test_iteration_pipeline_helpers.py::test_run_iteration_pipeline_impl_from_inputs_dispatch_call_for_run_dispatch_call_for_run_impl_delegates_builder PASSED [ 35%]
tests/detailtests/test_iteration_pipeline_helpers.py::test_run_iteration_pipeline_impl_from_inputs_dispatch_call_for_run_dispatch_call_sequence_for_run_impl_delegates_builder_then_dispatch_call PASSED [ 35%]
tests/detailtests/test_iteration_pipeline_helpers.py::test_run_iteration_pipeline_impl_from_inputs_dispatch_call_for_run_dispatch_and_runner_for_run_impl_delegates_sequence PASSED [ 36%]
tests/detailtests/test_iteration_pipeline_helpers.py::test_run_iteration_pipeline_impl_from_inputs_dispatch_call_for_run_dispatch_and_runner_kwargs_for_run_impl_builds_nested_kwargs PASSED [ 36%]
tests/detailtests/test_iteration_pipeline_helpers.py::test_run_iteration_pipeline_impl_from_inputs_dispatch_call_for_run_dispatch_and_runner_sequence_for_run_impl_delegates_dispatch_sequence PASSED [ 36%]
tests/detailtests/test_iteration_pipeline_helpers.py::test_run_iteration_pipeline_impl_from_inputs_dispatch_call_for_run_impl_delegates_builder_then_runner PASSED [ 36%]
tests/detailtests/test_iteration_pipeline_helpers.py::test_run_iteration_pipeline_impl_from_inputs_dispatch_call_for_run_kwargs_for_run_impl_delegates_dispatch_builder PASSED [ 36%]
tests/detailtests/test_iteration_pipeline_helpers.py::test_run_iteration_pipeline_impl_from_inputs_dispatch_call_for_run_sequence_for_run_impl_delegates_final_sequence PASSED [ 36%]
tests/detailtests/test_iteration_pipeline_helpers.py::test_run_iteration_pipeline_impl_from_inputs_dispatch_call_for_run_final_sequence_for_run_impl_delegates_runner_sequence PASSED [ 36%]
tests/detailtests/test_iteration_pipeline_helpers.py::test_run_iteration_pipeline_impl_orchestration_dispatch_kwargs_for_run_impl_builds_nested_dispatch_kwargs PASSED [ 36%]
tests/detailtests/test_iteration_pipeline_helpers.py::test_build_run_iteration_pipeline_impl_orchestration_dispatch_for_run_call_kwargs_impl_returns_copy PASSED [ 37%]
tests/detailtests/test_iteration_pipeline_helpers.py::test_run_iteration_pipeline_impl_orchestration_dispatch_for_run_call_for_run_impl_delegates_builder_then_runner PASSED [ 37%]
tests/detailtests/test_iteration_pipeline_helpers.py::test_build_run_iteration_pipeline_impl_orchestration_dispatch_for_run_call_for_run_kwargs_impl_returns_copy PASSED [ 37%]
tests/detailtests/test_iteration_pipeline_helpers.py::test_run_iteration_pipeline_impl_orchestration_dispatch_for_run_call_sequence_for_run_impl_delegates_builder_then_runner PASSED [ 37%]
tests/detailtests/test_iteration_pipeline_helpers.py::test_build_run_iteration_pipeline_impl_from_inputs_dispatch_call_for_run_call_kwargs_for_run_impl_delegates_builder PASSED [ 37%]
tests/detailtests/test_iteration_pipeline_helpers.py::test_run_iteration_pipeline_impl_from_inputs_dispatch_call_for_run_sequence_for_run_impl_delegates_builder_then_runner PASSED [ 37%]
tests/detailtests/test_iteration_pipeline_helpers.py::test_build_run_iteration_pipeline_impl_from_inputs_dispatch_call_sequence_for_run_kwargs_impl_returns_copy PASSED [ 37%]
tests/detailtests/test_iteration_pipeline_helpers.py::test_run_iteration_pipeline_impl_from_inputs_dispatch_call_sequence_for_run_impl_delegates_builder_then_runner PASSED [ 37%]
tests/detailtests/test_iteration_pipeline_helpers.py::test_run_iteration_pipeline_impl_from_inputs_dispatch_call_sequence_for_run_call_kwargs_for_run_impl_builds_mapping PASSED [ 37%]
tests/detailtests/test_iteration_pipeline_helpers.py::test_run_iteration_pipeline_impl_from_inputs_dispatch_call_sequence_for_run_call_sequence_for_run_impl_delegates_runner PASSED [ 38%]
tests/detailtests/test_iteration_pipeline_helpers.py::test_build_run_iteration_pipeline_impl_from_inputs_dispatch_call_for_run_call_for_run_kwargs_impl_returns_copy PASSED [ 38%]
tests/detailtests/test_iteration_pipeline_helpers.py::test_run_iteration_pipeline_impl_from_inputs_dispatch_call_for_run_call_sequence_for_run_impl_delegates_builder_then_runner PASSED [ 38%]
tests/detailtests/test_iteration_pipeline_helpers.py::test_build_run_iteration_pipeline_impl_orchestration_kwargs_for_run_call_sequence_for_run_kwargs_impl_returns_copy PASSED [ 38%]
tests/detailtests/test_iteration_pipeline_helpers.py::test_run_iteration_pipeline_impl_orchestration_kwargs_for_run_call_sequence_for_run_impl_delegates_builder_then_runner PASSED [ 38%]
tests/detailtests/test_iteration_pipeline_helpers.py::test_build_run_iteration_pipeline_impl_from_inputs_dispatch_call_sequence_input_kwargs_for_run_impl_delegates_builder PASSED [ 38%]
tests/detailtests/test_iteration_pipeline_helpers.py::test_build_run_iteration_pipeline_impl_from_inputs_dispatch_call_sequence_for_run_input_kwargs_for_run_impl_wraps_builder_result PASSED [ 38%]
tests/detailtests/test_iteration_pipeline_helpers.py::test_build_run_iteration_pipeline_impl_from_inputs_dispatch_call_sequence_for_run_call_kwargs_for_run_impl_builds_sequence_kwargs PASSED [ 38%]
tests/detailtests/test_iteration_pipeline_helpers.py::test_build_run_iteration_pipeline_impl_from_inputs_dispatch_call_sequence_call_kwargs_for_run_impl_wraps_sequence_call PASSED [ 39%]
tests/detailtests/test_iteration_pipeline_helpers.py::test_build_run_iteration_pipeline_impl_from_inputs_dispatch_call_sequence_call_for_run_call_kwargs_impl_returns_copy PASSED [ 39%]
tests/detailtests/test_iteration_pipeline_helpers.py::test_build_run_iteration_pipeline_impl_from_inputs_dispatch_call_sequence_call_for_run_call_kwargs_for_run_impl_wraps_sequence_call PASSED [ 39%]
tests/detailtests/test_iteration_pipeline_helpers.py::test_run_iteration_pipeline_impl_from_inputs_dispatch_call_sequence_call_for_run_call_for_run_impl_delegates_builder_then_runner PASSED [ 39%]
tests/detailtests/test_iteration_pipeline_helpers.py::test_run_iteration_pipeline_impl_from_inputs_dispatch_call_sequence_call_for_run_impl_executes_with_built_kwargs PASSED [ 39%]
tests/detailtests/test_iteration_preparation_helpers.py::test_prepare_iteration_inputs_impl_builds_iteration_context PASSED [ 39%]
tests/detailtests/test_iteration_preparation_helpers.py::test_prepare_iteration_inputs_impl_returns_none_for_missing_description_non_semantic_badge PASSED [ 39%]
tests/detailtests/test_iteration_run_preparation_helpers.py::test_build_prepare_iteration_input_runtime_for_run_kwargs_impl_maps_all_fields PASSED [ 39%]
tests/detailtests/test_iteration_run_preparation_helpers.py::test_build_prepare_iteration_runtime_callbacks_for_run_kwargs_impl_maps_all_fields PASSED [ 40%]
tests/detailtests/test_iteration_run_preparation_helpers.py::test_prepare_iteration_input_runtime_for_run_impl_returns_none_when_inputs_missing PASSED [ 40%]
tests/detailtests/test_iteration_run_preparation_helpers.py::test_prepare_iteration_runtime_callbacks_for_run_impl_wires_extraction_sequence PASSED [ 40%]
tests/detailtests/test_iteration_run_preparation_helpers.py::test_prepare_run_iteration_pipeline_locals_impl_merges_all_runtime_sections PASSED [ 40%]
tests/detailtests/test_iteration_run_preparation_helpers.py::test_build_prepare_run_iteration_pipeline_locals_kwargs_impl_maps_all_fields PASSED [ 40%]
tests/detailtests/test_iteration_run_preparation_helpers.py::test_build_prepare_run_iteration_pipeline_locals_kwargs_for_run_impl_builds_nested_context PASSED [ 40%]
tests/detailtests/test_iteration_run_preparation_helpers.py::test_prepare_run_iteration_pipeline_locals_for_run_impl_delegates_builder_then_prepare PASSED [ 40%]
tests/detailtests/test_iteration_run_preparation_helpers.py::test_build_prepare_run_iteration_pipeline_locals_for_run_call_kwargs_impl_returns_run_call_mapping PASSED [ 40%]
tests/detailtests/test_iteration_runtime_helpers.py::test_build_iteration_artifact_callbacks_impl_wires_validation_log_writer PASSED [ 40%]
tests/detailtests/test_iteration_runtime_helpers.py::test_build_iteration_artifact_callbacks_impl_wires_attempt_artifacts_with_dimensions PASSED [ 41%]
tests/detailtests/test_iteration_runtime_helpers.py::test_build_iteration_artifact_callbacks_impl_wires_render_failure_logger PASSED [ 41%]
tests/detailtests/test_iteration_setup_helpers.py::test_ensure_iteration_output_dirs_impl_creates_all_expected_dirs PASSED [ 41%]
tests/detailtests/test_iteration_setup_helpers.py::test_build_iteration_base_and_log_path_impl_formats_log_name PASSED [ 41%]
tests/detailtests/test_iteration_setup_helpers.py::test_emit_iteration_description_header_impl_prints_description_and_fallback_elements PASSED [ 41%]
tests/detailtests/test_mask_metrics_helpers.py::test_iou_impl_returns_overlap_ratio PASSED [ 41%]
tests/detailtests/test_multi_objective_prototype_tool.py::test_evaluate_prototype_applies_semantic_penalty_from_logs PASSED [ 41%]
tests/detailtests/test_non_composite_runtime_helpers.py::test_run_non_composite_iteration_impl_manual_review_writes_skip_log PASSED [ 41%]
tests/detailtests/test_non_composite_runtime_helpers.py::test_run_non_composite_iteration_impl_gradient_stripe_returns_iteration_tuple PASSED [ 42%]
tests/detailtests/test_optimization_element_alignment_helpers.py::test_estimate_vertical_stem_from_mask_returns_center_and_width PASSED [ 42%]
tests/detailtests/test_optimization_element_alignment_helpers.py::test_apply_element_alignment_step_updates_stem_geometry PASSED [ 42%]
tests/detailtests/test_optimization_element_search_helpers.py::test_render_candidate_mask_and_score PASSED [ 42%]
tests/detailtests/test_optimization_element_search_helpers.py::test_optimize_element_impl_improves_score PASSED [ 42%]
tests/detailtests/test_optimization_element_search_helpers.py::test_random_neighbor_impl_uses_factory PASSED [ 42%]
tests/detailtests/test_optimization_pass_helpers.py::test_select_open_quality_cases_filters_and_orders_descending PASSED [ 42%]
tests/detailtests/test_optimization_pass_helpers.py::test_compute_successful_conversions_error_threshold_uses_mean_plus_two_sigma PASSED [ 42%]
tests/detailtests/test_optimization_quantization_helpers.py::test_enforce_circle_connector_symmetry_vertical_arm_aligns_to_circle_axis PASSED [ 43%]
tests/detailtests/test_optimization_quantization_helpers.py::test_quantize_badge_params_snaps_and_clamps_values PASSED [ 43%]
tests/detailtests/test_output_paths_helpers.py::test_default_converted_symbols_root_impl_resolves_repo_relative_path PASSED [ 43%]
tests/detailtests/test_output_paths_helpers.py::test_output_subdir_helpers_use_expected_folder_names PASSED [ 43%]
tests/detailtests/test_overview_tiles_helpers.py::test_has_valid_png_structure_accepts_valid_png PASSED [ 43%]
tests/detailtests/test_overview_tiles_helpers.py::test_has_valid_png_structure_rejects_bad_crc PASSED [ 43%]
tests/detailtests/test_perception_geometry_helpers.py::test_looks_like_elongated_foreground_rect_impl_detects_wide_bar PASSED [ 43%]
tests/detailtests/test_perception_geometry_helpers.py::test_looks_like_elongated_foreground_rect_impl_rejects_compact_blob PASSED [ 43%]
tests/detailtests/test_quality_config_helpers.py::test_svg_href_mime_type_defaults_to_octet_stream PASSED [ 44%]
tests/detailtests/test_quality_config_helpers.py::test_render_embedded_raster_svg_uses_sniffed_size PASSED [ 44%]
tests/detailtests/test_quality_config_helpers.py::test_load_and_write_quality_config_roundtrip PASSED [ 44%]
tests/detailtests/test_quality_config_helpers.py::test_load_quality_config_handles_invalid_payload PASSED [ 44%]
tests/detailtests/test_quality_threshold_helpers.py::test_resolve_allowed_error_uses_successful_threshold_by_default PASSED [ 44%]
tests/detailtests/test_quality_threshold_helpers.py::test_resolve_allowed_error_falls_back_to_initial_and_manual_override PASSED [ 44%]
tests/detailtests/test_ranking_helpers.py::test_write_pixel_delta2_ranking_writes_expected_reports PASSED [ 44%]
tests/detailtests/test_remaining_geometry_helpers.py::test_looks_like_elongated_foreground_rect_detects_wide_bar PASSED [ 44%]
tests/detailtests/test_remaining_geometry_helpers.py::test_looks_like_elongated_foreground_rect_rejects_compact_blob PASSED [ 44%]
tests/detailtests/test_render_dispatch_helpers.py::test_render_svg_to_numpy_returns_subprocess_result_when_available PASSED [ 45%]
tests/detailtests/test_render_dispatch_helpers.py::test_render_svg_to_numpy_skips_inprocess_fallback_during_pytest_when_unpatched PASSED [ 45%]
tests/detailtests/test_render_dispatch_helpers.py::test_render_svg_to_numpy_reuses_cached_render_result PASSED [ 45%]
tests/detailtests/test_semantic_ac0050_helpers.py::test_default_ac0050_geometry_stays_inside_canvas PASSED [ 45%]
tests/detailtests/test_semantic_ac0050_helpers.py::test_generate_svg_contains_expected_core_primitives PASSED [ 45%]
tests/detailtests/test_semantic_ac0050_helpers.py::test_measure_and_draw_detects_dual_stems_and_samples_colors PASSED [ 45%]
tests/detailtests/test_semantic_ac0050_helpers.py::test_measurement_generalizes_to_scaled_variants[40-140-6.0-34.0-130.0-10.0] PASSED [ 45%]
tests/detailtests/test_semantic_ac0050_helpers.py::test_measurement_generalizes_to_scaled_variants[80-220-14.0-66.0-195.0-16.0] PASSED [ 45%]
tests/detailtests/test_semantic_ac0050_helpers.py::test_iterative_refinement_improves_projection_error PASSED [ 46%]
tests/detailtests/test_semantic_ac0050_helpers.py::test_iterative_refinement_can_optimize_colors PASSED [ 46%]
tests/detailtests/test_semantic_ac0811_helpers.py::test_fit_ac0811_params_permanently_removes_locks PASSED [ 46%]
tests/detailtests/test_semantic_ac08_family_helpers.py::test_tune_left_connector_family_applies_expected_guards PASSED [ 46%]
tests/detailtests/test_semantic_ac08_family_helpers.py::test_tune_right_connector_family_skips_non_target_symbols PASSED [ 46%]
tests/detailtests/test_semantic_ac08_family_helpers.py::test_tune_vertical_connector_family_sets_text_and_stem_defaults PASSED [ 46%]
tests/detailtests/test_semantic_ac08_family_helpers.py::test_tune_vertical_connector_family_treats_ac0838_as_top_arm_variant PASSED [ 46%]
tests/detailtests/test_semantic_ac08_family_helpers.py::test_tune_circle_text_family_applies_voc_bounds_for_small_badges PASSED [ 46%]
tests/detailtests/test_semantic_ac08_params_helpers.py::test_make_ac08_badge_params_returns_none_for_unknown_name PASSED [ 47%]
tests/detailtests/test_semantic_ac08_params_helpers.py::test_make_ac08_badge_params_uses_vertical_voc_fit_for_ac0836 PASSED [ 47%]
tests/detailtests/test_semantic_ac08_params_helpers.py::test_make_ac08_badge_params_uses_top_vertical_voc_fit_for_ac0838 PASSED [ 47%]
tests/detailtests/test_semantic_ac08_params_helpers.py::test_make_ac08_badge_params_applies_rf_text_mode_for_ac0842 PASSED [ 47%]
tests/detailtests/test_semantic_ar0100_params_helpers.py::test_build_ar0100_badge_params_scales_geometry_and_centers_glyph_bbox PASSED [ 47%]
tests/detailtests/test_semantic_audit_bootstrap_helpers.py::test_build_pending_semantic_audit_row_impl_returns_none_when_base_not_targeted PASSED [ 47%]
tests/detailtests/test_semantic_audit_bootstrap_helpers.py::test_build_pending_semantic_audit_row_impl_builds_pending_row PASSED [ 47%]
tests/detailtests/test_semantic_audit_helpers.py::test_collect_description_fragments_keeps_lookup_order PASSED [ 47%]
tests/detailtests/test_semantic_audit_helpers.py::test_collect_description_fragments_skips_duplicate_lookup_keys_and_texts PASSED [ 48%]
tests/detailtests/test_semantic_audit_logging_helpers.py::test_build_semantic_audit_log_lines_empty_for_none PASSED [ 48%]
tests/detailtests/test_semantic_audit_logging_helpers.py::test_build_semantic_audit_log_lines_includes_mismatch_reason_when_requested PASSED [ 48%]
tests/detailtests/test_semantic_audit_runtime_helpers.py::test_should_create_semantic_audit_for_base_name_impl_normalizes_variant_suffix PASSED [ 48%]
tests/detailtests/test_semantic_audit_runtime_helpers.py::test_build_semantic_audit_record_kwargs_impl_collects_semantic_fields PASSED [ 48%]
tests/detailtests/test_semantic_badge_geometry_helpers.py::test_rotate_semantic_badge_clockwise_rotates_circle_and_arm_points PASSED [ 48%]
tests/detailtests/test_semantic_badge_geometry_helpers.py::test_glyph_bbox_prefers_t_bounds_for_path_t_mode PASSED [ 48%]
tests/detailtests/test_semantic_badge_geometry_helpers.py::test_center_glyph_bbox_sets_tx_ty_for_centered_label PASSED [ 48%]
tests/detailtests/test_semantic_badge_geometry_helpers.py::test_align_stem_to_circle_center_reanchors_stem_geometry PASSED [ 48%]
tests/detailtests/test_semantic_badge_geometry_helpers.py::test_align_stem_to_circle_center_keeps_non_stem_badges_unchanged PASSED [ 49%]
tests/detailtests/test_semantic_badge_runtime_helpers.py::test_run_semantic_badge_iteration_impl_returns_none_for_semantic_mismatch PASSED [ 49%]
tests/detailtests/test_semantic_badge_runtime_helpers.py::test_run_semantic_badge_iteration_impl_finalizes_semantic_ok PASSED [ 49%]
tests/detailtests/test_semantic_badge_svg_helpers.py::test_generate_badge_svg_impl_renders_co2_with_subscript PASSED [ 49%]
tests/detailtests/test_semantic_badge_svg_helpers.py::test_generate_badge_svg_impl_renders_voc_text PASSED [ 49%]
tests/detailtests/test_semantic_badge_svg_helpers.py::test_generate_badge_svg_impl_renders_rf_text PASSED [ 49%]
tests/detailtests/test_semantic_circle_style_helpers.py::test_normalize_light_circle_colors_updates_expected_fields PASSED [ 49%]
tests/detailtests/test_semantic_circle_style_helpers.py::test_normalize_ac08_line_widths_preserves_outer_diameter_when_requested PASSED [ 49%]
tests/detailtests/test_semantic_circle_style_helpers.py::test_estimate_border_background_gray_uses_image_border_median PASSED [ 50%]
tests/detailtests/test_semantic_circle_style_helpers.py::test_estimate_circle_tones_and_stroke_returns_stable_ranges PASSED [ 50%]
tests/detailtests/test_semantic_connector_helpers.py::test_enforce_left_arm_badge_geometry_sets_visible_left_connector PASSED [ 50%]
tests/detailtests/test_semantic_connector_helpers.py::test_enforce_top_stem_badge_geometry_keeps_circle_in_lower_half PASSED [ 50%]
tests/detailtests/test_semantic_connector_helpers.py::test_enforce_semantic_connector_expectation_routes_to_left_and_right_handlers PASSED [ 50%]
tests/detailtests/test_semantic_connector_helpers.py::test_enforce_semantic_connector_expectation_routes_top_stem_family PASSED [ 50%]
tests/detailtests/test_semantic_family_rules_helpers.py::test_apply_semantic_badge_family_rules_supports_ac0842_left_connector PASSED [ 50%]
tests/detailtests/test_semantic_fitting_helpers.py::test_stabilize_semantic_circle_pose_keeps_vertical_connector_text_close_to_template PASSED [ 50%]
tests/detailtests/test_semantic_fitting_helpers.py::test_enforce_directional_circle_side_resets_vertical_badge_when_circle_flips_up PASSED [ 51%]
tests/detailtests/test_semantic_harmonization_helpers.py::test_needs_large_circle_overflow_guard_requires_large_co2_circle_without_connectors PASSED [ 51%]
tests/detailtests/test_semantic_harmonization_helpers.py::test_family_harmonized_badge_colors_boosts_contrast_and_caps_text_stem PASSED [ 51%]
tests/detailtests/test_semantic_harmonization_helpers.py::test_scale_badge_params_enables_overflow_for_large_centered_co2_circle PASSED [ 51%]
tests/detailtests/test_semantic_harmonization_helpers.py::test_harmonize_semantic_size_variants_writes_catalog_and_harmonized_svg PASSED [ 51%]
tests/detailtests/test_semantic_harmonization_helpers.py::test_harmonize_semantic_size_variants_uses_cross_family_prototype_anchor PASSED [ 51%]
tests/detailtests/test_semantic_iteration_finalization_helpers.py::test_finalize_semantic_badge_run_impl_returns_iteration_tuple PASSED [ 51%]
tests/detailtests/test_semantic_iteration_finalization_helpers.py::test_finalize_semantic_badge_run_impl_returns_none_on_failed_finalize PASSED [ 51%]
tests/detailtests/test_semantic_label_helpers.py::test_apply_co2_label_sets_defaults PASSED [ 51%]
tests/detailtests/test_semantic_label_helpers.py::test_co2_layout_caps_width_scale_for_ac0820 PASSED [ 52%]
tests/detailtests/test_semantic_label_helpers.py::test_normalize_centered_co2_label_adjusts_label_metrics PASSED [ 52%]
tests/detailtests/test_semantic_label_helpers.py::test_tune_ac0831_co2_badge_enforces_vertical_cluster_defaults PASSED [ 52%]
tests/detailtests/test_semantic_label_helpers.py::test_tune_ac0834_co2_badge_keeps_tiny_geometry_centered PASSED [ 52%]
tests/detailtests/test_semantic_label_helpers.py::test_default_ac0834_params_impl_delegates_in_sequence PASSED [ 52%]
tests/detailtests/test_semantic_mismatch_reporting_helpers.py::test_build_semantic_connector_debug_line_impl_formats_all_fields PASSED [ 52%]
tests/detailtests/test_semantic_mismatch_reporting_helpers.py::test_build_semantic_mismatch_console_lines_impl_lists_issues_in_order PASSED [ 52%]
tests/detailtests/test_semantic_mismatch_runtime_helpers.py::test_build_semantic_mismatch_outcome_impl_with_audit_row PASSED [ 52%]
tests/detailtests/test_semantic_mismatch_runtime_helpers.py::test_build_semantic_mismatch_outcome_impl_without_audit_row PASSED [ 53%]
tests/detailtests/test_semantic_params_helpers.py::test_make_badge_params_prefers_ar0100_when_available PASSED [ 53%]
tests/detailtests/test_semantic_params_helpers.py::test_make_badge_params_falls_back_to_ac08_when_ar0100_missing PASSED [ 53%]
tests/detailtests/test_semantic_params_helpers.py::test_make_badge_params_supports_ac0842_family_dispatch PASSED [ 53%]
tests/detailtests/test_semantic_post_validation_helpers.py::test_prepare_semantic_badge_post_validation_impl_applies_guard_redraw_and_log PASSED [ 53%]
tests/detailtests/test_semantic_quality_flags.py::test_semantic_quality_flags_marks_ac0811_with_high_element_error PASSED [ 53%]
tests/detailtests/test_semantic_quality_flags.py::test_semantic_quality_flags_ignores_non_ac0811_variants PASSED [ 53%]
tests/detailtests/test_semantic_quality_flags.py::test_run_iteration_pipeline_logs_borderline_quality_for_ac0811 PASSED [ 53%]
tests/detailtests/test_semantic_quality_flags.py::test_write_ac08_weak_family_status_report_summarizes_ranked_outliers PASSED [ 54%]
tests/detailtests/test_semantic_quality_flags.py::test_write_ac08_weak_family_status_report_skips_non_ac08_selection PASSED [ 54%]
tests/detailtests/test_semantic_validation_context_helpers.py::test_resolve_semantic_validation_debug_dir_impl_prefers_element_debug_dir PASSED [ 54%]
tests/detailtests/test_semantic_validation_context_helpers.py::test_resolve_semantic_validation_debug_dir_impl_uses_ac0811_fallback PASSED [ 54%]
tests/detailtests/test_semantic_validation_context_helpers.py::test_build_non_composite_gradient_stripe_validation_log_lines_impl_marks_override PASSED [ 54%]
tests/detailtests/test_semantic_validation_finalization_helpers.py::test_append_semantic_connector_expectation_log_impl_appends_guard_for_arm PASSED [ 54%]
tests/detailtests/test_semantic_validation_finalization_helpers.py::test_build_semantic_ok_validation_outcome_impl_updates_audit_and_lines PASSED [ 54%]
tests/detailtests/test_semantic_validation_helpers.py::test_expected_semantic_presence_detects_circle_stem_and_text PASSED [ 54%]
tests/detailtests/test_semantic_validation_helpers.py::test_semantic_presence_mismatches_reports_missing_and_unexpected_items PASSED [ 55%]
tests/detailtests/test_semantic_validation_logging_helpers.py::test_build_semantic_mismatch_validation_log_lines_impl_contains_expected_fields PASSED [ 55%]
tests/detailtests/test_semantic_validation_logging_helpers.py::test_build_semantic_ok_validation_log_lines_impl_keeps_order PASSED [ 55%]
tests/detailtests/test_semantic_validation_runtime_helpers.py::test_build_semantic_text_mode_validation_log_line_impl_reports_plain_ring PASSED [ 55%]
tests/detailtests/test_semantic_validation_runtime_helpers.py::test_collect_semantic_badge_validation_logs_impl_uses_guard_line_and_round_floor PASSED [ 55%]
tests/detailtests/test_semantic_validation_runtime_helpers.py::test_finalize_semantic_badge_iteration_result_impl_attaches_audit_and_error PASSED [ 55%]
tests/detailtests/test_semantic_validation_runtime_helpers.py::test_finalize_semantic_badge_iteration_result_impl_records_render_failure PASSED [ 55%]
tests/detailtests/test_semantic_visual_override_helpers.py::test_apply_semantic_visual_override_impl_switches_mode_for_gradient_stripe PASSED [ 55%]
tests/detailtests/test_semantic_visual_override_helpers.py::test_apply_semantic_visual_override_impl_keeps_params_when_not_needed PASSED [ 55%]
tests/detailtests/test_successful_conversion_helpers.py::test_parse_successful_conversion_manifest_line_parses_metrics PASSED [ 56%]
tests/detailtests/test_successful_conversion_helpers.py::test_is_candidate_better_prefers_semantic_ok PASSED [ 56%]
tests/detailtests/test_successful_conversion_helpers.py::test_format_manifest_line_keeps_comment_and_appends_metrics PASSED [ 56%]
tests/detailtests/test_successful_conversion_helpers.py::test_store_and_restore_successful_snapshot_roundtrip PASSED [ 56%]
tests/detailtests/test_successful_conversion_helpers.py::test_latest_failed_manifest_entry_prefers_last_relevant_row PASSED [ 56%]
tests/detailtests/test_successful_conversion_helpers.py::test_write_successful_conversion_csv_table_sorts_and_formats PASSED [ 56%]
tests/detailtests/test_successful_conversion_helpers.py::test_successful_conversion_metrics_available_detects_payload_fields PASSED [ 56%]
tests/detailtests/test_successful_conversion_quality_helpers.py::test_load_iteration_log_rows_keys_by_variant PASSED [ 56%]
tests/detailtests/test_successful_conversion_quality_helpers.py::test_find_image_path_by_variant_picks_existing_extension PASSED [ 57%]
tests/detailtests/test_successful_conversion_quality_helpers.py::test_collect_metrics_requires_image_dependencies PASSED [ 57%]
tests/detailtests/test_successful_conversion_quality_helpers.py::test_collect_metrics_reads_status_and_iteration_without_render PASSED [ 57%]
tests/detailtests/test_svg_render_timeout_defaults.py::test_svg_render_subprocess_timeout_defaults_to_five_seconds_under_pytest_context PASSED [ 57%]
tests/detailtests/test_svg_render_timeout_defaults.py::test_svg_render_subprocess_defaults_activate_when_pytest_env_is_inherited PASSED [ 57%]
tests/detailtests/test_width_optimization_helpers.py::test_element_width_key_and_bounds_locks_stem_width_by_default PASSED [ 57%]
tests/detailtests/test_width_optimization_helpers.py::test_element_error_for_width_returns_inf_if_element_is_not_supported PASSED [ 57%]
tests/test_generate_form_code_inventory.py::test_collect_form_code_hits_detects_runtime_string_literals PASSED [ 57%]
tests/test_generate_form_code_inventory.py::test_collect_form_code_hits_excludes_comments_docstrings_and_help_text PASSED [ 58%]
tests/test_generate_form_code_inventory.py::test_write_inventory_csv_writes_semicolon_delimited_rows PASSED [ 58%]
tests/test_image_composite_converter.py::test_vendored_site_packages_dirs_discovers_repo_bundle PASSED [ 58%]
tests/test_image_composite_converter.py::test_vendored_site_packages_dirs_discovers_vendor_linux_bundle PASSED [ 58%]
tests/test_image_composite_converter.py::test_vendored_site_packages_dirs_prefers_linux_vendor_on_linux PASSED [ 58%]
tests/test_image_composite_converter.py::test_load_optional_module_recovers_after_failed_partial_package PASSED [ 58%]
tests/test_image_composite_converter.py::test_load_optional_module_keeps_existing_sys_modules_entry_after_failed_retry PASSED [ 58%]
tests/test_image_composite_converter.py::test_optional_dependency_error_reports_windows_bundle_hint PASSED [ 58%]
tests/test_image_composite_converter.py::test_semantic_validation_accepts_circle_supported_by_local_mask PASSED [ 59%]
tests/test_image_composite_converter.py::test_mask_supports_circle_accepts_sparse_ring_samples PASSED [ 59%]
tests/test_image_composite_converter.py::test_detect_semantic_primitives_detects_plain_ring_without_arm PASSED [ 59%]
tests/test_image_composite_converter.py::test_detect_semantic_primitives_detects_vertical_connector_without_arm PASSED [ 59%]
tests/test_image_composite_converter.py::test_foreground_mask_keeps_tiny_plain_ring_pixels PASSED [ 59%]
tests/test_image_composite_converter.py::test_semantic_validation_accepts_text_supported_by_local_mask PASSED [ 59%]
tests/test_image_composite_converter.py::test_semantic_validation_ignores_structural_false_positives_for_plain_circle_badge PASSED [ 59%]
tests/test_image_composite_converter.py::test_source_loads_numpy_before_cv2 PASSED [ 59%]
tests/test_image_composite_converter.py::test_convert_image_svg_target_uses_embedded_raster_fallback PASSED [ 59%]
tests/test_image_composite_converter.py::test_convert_image_delegates_to_runtime_binding_helper PASSED [ 60%]
tests/test_image_composite_converter.py::test_convert_range_uses_embedded_raster_fallback_without_numpy_cv2 PASSED [ 60%]
tests/test_image_composite_converter.py::test_convert_image_variants_delegates_to_convert_range PASSED [ 60%]
tests/test_image_composite_converter.py::test_family_harmonized_badge_colors_averages_family_palette PASSED [ 60%]
tests/test_image_composite_converter.py::test_family_harmonized_badge_colors_boosts_low_contrast PASSED [ 60%]
tests/test_image_composite_converter.py::test_update_successful_conversions_manifest_keeps_existing_line_without_fresh_metrics PASSED [ 60%]
tests/test_image_composite_converter.py::test_update_successful_conversions_manifest_appends_missing_variant_with_metrics PASSED [ 60%]
tests/test_image_composite_converter.py::test_update_successful_conversions_manifest_rejects_worse_candidate_and_restores_snapshot PASSED [ 60%]
tests/test_image_composite_converter.py::test_update_successful_conversions_manifest_rejects_worse_candidate_without_snapshot_keeps_current_artifacts PASSED [ 61%]
tests/test_image_composite_converter.py::test_update_successful_conversions_manifest_accepts_better_candidate_and_updates_snapshot PASSED [ 61%]
tests/test_image_composite_converter.py::test_co2_label_defaults_use_center_co_anchor_mode PASSED [ 61%]
tests/test_image_composite_converter.py::test_co2_layout_legacy_cluster_mode_still_supported PASSED [ 61%]
tests/test_image_composite_converter.py::test_co2_superscript_has_global_minimum_gap_from_o PASSED [ 61%]
tests/test_image_composite_converter.py::test_finalize_ac0820_keeps_default_anchor_mode PASSED [ 61%]
tests/test_image_composite_converter.py::test_finalize_ac0820_variant_name_keeps_default_anchor_mode PASSED [ 61%]
tests/test_image_composite_converter.py::test_finalize_ac0820_m_enforces_larger_superscript_gap PASSED [ 61%]
tests/test_image_composite_converter.py::test_finalize_ac0800_keeps_ring_darker_than_fill PASSED [ 62%]
tests/test_image_composite_converter.py::test_apply_redraw_variation_jitters_params_and_logs_seed PASSED [ 62%]
tests/test_image_composite_converter.py::test_apply_redraw_variation_uses_new_time_nonce_per_run PASSED [ 62%]
tests/test_image_composite_converter.py::test_select_circle_radius_plateau_candidate_prefers_plateau_midpoint PASSED [ 62%]
tests/test_image_composite_converter.py::test_optimize_circle_radius_bracket_uses_plateau_selection PASSED [ 62%]
tests/test_image_composite_converter.py::test_generate_badge_svg_emits_background_rect_when_requested PASSED [ 62%]
tests/test_image_composite_converter.py::test_generate_badge_svg_keeps_border_touching_arm_caps_inside_viewbox PASSED [ 62%]
tests/test_image_composite_converter.py::test_generate_badge_svg_keeps_border_touching_stem_inside_viewbox PASSED [ 62%]
tests/test_image_composite_converter.py::test_fit_semantic_badge_uses_border_touch_fallback_for_tiny_plain_ring PASSED [ 62%]
tests/test_image_composite_converter.py::test_fit_semantic_badge_estimates_ring_style_for_plain_circle PASSED [ 63%]
tests/test_image_composite_converter.py::test_parse_semantic_badge_layout_overrides_centers_full_co2_cluster PASSED [ 63%]
tests/test_image_composite_converter.py::test_parse_description_marks_ac0833_with_top_vertical_connector PASSED [ 63%]
tests/test_image_composite_converter.py::test_make_badge_params_ac0833_uses_superscript_index PASSED [ 63%]
tests/test_image_composite_converter.py::test_make_badge_params_ac0833_uses_top_vertical_connector_geometry PASSED [ 63%]
tests/test_image_composite_converter.py::test_finalize_ac0833_keeps_superscript_after_fit PASSED [ 63%]
tests/test_image_composite_converter.py::test_parse_description_marks_ac0813_with_top_vertical_connector PASSED [ 63%]
tests/test_image_composite_converter.py::test_parse_description_marks_ac0838_with_top_vertical_connector PASSED [ 63%]
tests/test_image_composite_converter.py::test_make_badge_params_ac0838_uses_top_vertical_connector_geometry PASSED [ 64%]
tests/test_image_composite_converter.py::test_make_badge_params_ac0835_uses_right_horizontal_connector_geometry PASSED [ 64%]
tests/test_image_composite_converter.py::test_parse_description_marks_ac0800_as_plain_ring_family PASSED [ 64%]
tests/test_image_composite_converter.py::test_parse_description_recognizes_ac08_family_when_given_variant_name PASSED [ 64%]
tests/test_image_composite_converter.py::test_parse_description_falls_back_to_variant_filename_when_base_name_missing PASSED [ 64%]
tests/test_image_composite_converter.py::test_parse_description_recognizes_co2_with_caret_notation PASSED [ 64%]
tests/test_image_composite_converter.py::test_parse_description_recognizes_co2_with_superscript_two PASSED [ 64%]
tests/test_image_composite_converter.py::test_parse_description_defaults_ac0820_to_co2_without_explicit_label PASSED [ 64%]
tests/test_image_composite_converter.py::test_parse_description_does_not_misread_ac0130_text_as_top_source_ref PASSED [ 65%]
tests/test_image_composite_converter.py::test_parse_description_keeps_alias_without_compositing_instruction_in_auto_mode PASSED [ 65%]
tests/test_image_composite_converter.py::test_finalize_ac0820_leaves_plain_circle_unlocked PASSED [ 65%]
tests/test_image_composite_converter.py::test_finalize_ac0820_keeps_template_radius_optional PASSED [ 65%]
tests/test_image_composite_converter.py::test_finalize_non_ac0820_text_badge_keeps_radius_unbounded PASSED [ 65%]
tests/test_image_composite_converter.py::test_finalize_ac08_style_enables_global_search_mode_by_default PASSED [ 65%]
tests/test_image_composite_converter.py::test_finalize_elongated_connector_badge_does_not_add_radius_floor PASSED [ 65%]
tests/test_image_composite_converter.py::test_finalize_ac08_style_persists_soft_circle_radius_floor_without_lock_keys PASSED [ 65%]
tests/test_image_composite_converter.py::test_scale_badge_params_reanchors_vertical_stem_after_circle_canvas_fit PASSED [ 66%]
tests/test_image_composite_converter.py::test_default_edge_anchored_circle_geometry_keeps_symmetric_clearance PASSED [ 66%]
tests/test_image_composite_converter.py::test_finalize_plain_ac08_badge_reanchors_circle_to_template_center PASSED [ 66%]
tests/test_image_composite_converter.py::test_finalize_ac0800_preserves_plain_ring_geometry_bounds PASSED [ 66%]
tests/test_image_composite_converter.py::test_finalize_ac0800_small_variant_keeps_template_radius_floor PASSED [ 66%]
tests/test_image_composite_converter.py::test_validate_badge_by_elements_keeps_ac0800_l_centered_and_bounded PASSED [ 66%]
tests/test_image_composite_converter.py::test_validate_badge_by_elements_keeps_ac0800_s_at_template_radius_floor PASSED [ 66%]
tests/test_image_composite_converter.py::test_make_badge_params_reanchors_ac0811_l_stem_after_template_center_lock PASSED [ 66%]
tests/test_image_composite_converter.py::test_finalize_ac08_small_variant_keeps_only_small_variant_metadata PASSED [ 66%]
tests/test_image_composite_converter.py::test_finalize_left_connector_family_leaves_geometry_unlocked PASSED [ 67%]
tests/test_image_composite_converter.py::test_finalize_left_connector_path_text_preserves_existing_settings PASSED [ 67%]
tests/test_image_composite_converter.py::test_finalize_right_connector_family_leaves_geometry_unlocked PASSED [ 67%]
tests/test_image_composite_converter.py::test_finalize_right_connector_voc_family_preserves_existing_arm_state PASSED [ 67%]
tests/test_image_composite_converter.py::test_fit_ac0814_medium_plain_badge_allows_bounded_left_center_correction PASSED [ 67%]
tests/test_image_composite_converter.py::test_finalize_vertical_connector_family_leaves_geometry_unlocked PASSED [ 67%]
tests/test_image_composite_converter.py::test_finalize_vertical_connector_voc_family_preserves_existing_stem_state PASSED [ 67%]
tests/test_image_composite_converter.py::test_validate_badge_logs_small_variant_mode PASSED [ 67%]
tests/test_image_composite_converter.py::test_fit_semantic_badge_records_template_center_for_finalize_locking PASSED [ 68%]
tests/test_image_composite_converter.py::test_fit_semantic_badge_prevents_over_shrinking_plain_text_badge_circle PASSED [ 68%]
tests/test_image_composite_converter.py::test_fit_semantic_badge_allows_lower_floor_when_connector_present PASSED [ 68%]
tests/test_image_composite_converter.py::test_make_badge_params_passes_text_semantics_into_connector_fit PASSED [ 68%]
tests/test_image_composite_converter.py::test_make_badge_params_passes_voc_semantics_into_vertical_fit PASSED [ 68%]
tests/test_image_composite_converter.py::test_fit_semantic_badge_rejects_far_off_hough_center_for_ac08_variants PASSED [ 68%]
tests/test_image_composite_converter.py::test_fit_semantic_badge_keeps_near_template_hough_candidate PASSED [ 68%]
tests/test_image_composite_converter.py::test_quantize_clamps_circle_radius_to_canvas_bounds PASSED [ 68%]
tests/test_image_composite_converter.py::test_quantize_promotes_near_canvas_fitting_circle_radius PASSED [ 69%]
tests/test_image_composite_converter.py::test_circle_bounds_respect_canvas_for_locked_center PASSED [ 69%]
tests/test_image_composite_converter.py::test_fit_ac0812_does_not_cap_radius_to_too_small_template PASSED [ 69%]
tests/test_image_composite_converter.py::test_finalize_ac0820_increases_optical_bias_for_co_vertical_centering PASSED [ 69%]
tests/test_image_composite_converter.py::test_run_iteration_pipeline_element_validation_log_contains_run_meta PASSED [ 69%]
tests/test_image_composite_converter.py::test_run_iteration_pipeline_writes_failed_best_attempt_artifacts_for_semantic_mismatch PASSED [ 69%]
tests/test_image_composite_converter.py::test_run_iteration_pipeline_converts_non_composite_as_embedded_svg PASSED [ 69%]
tests/test_image_composite_converter.py::test_run_iteration_pipeline_overrides_semantic_badge_for_detected_gradient_stripe PASSED [ 69%]
tests/test_image_composite_converter.py::test_write_semantic_audit_report_persists_csv_and_json PASSED [ 70%]
tests/test_image_composite_converter.py::test_run_iteration_pipeline_breaks_early_on_flat_composite_error PASSED [ 70%]
tests/test_image_composite_converter.py::test_validate_semantic_description_alignment_requires_co2_text_region PASSED [ 70%]
tests/test_image_composite_converter.py::test_validate_semantic_description_alignment_rejects_non_semantic_cross_shape PASSED [ 70%]
tests/test_image_composite_converter.py::test_detect_semantic_primitives_ignores_t_glyph_bar_inside_circle PASSED [ 70%]
tests/test_image_composite_converter.py::test_validate_semantic_description_alignment_accepts_ac0813_vertical_connector PASSED [ 70%]
tests/test_image_composite_converter.py::test_validate_semantic_description_alignment_ignores_structural_stem_for_left_arm_badges PASSED [ 70%]
tests/test_image_composite_converter.py::test_in_requested_range_accepts_cross_prefix_span PASSED [ 70%]
tests/test_image_composite_converter.py::test_in_requested_range_handles_reversed_bounds PASSED [ 70%]
tests/test_image_composite_converter.py::test_in_requested_range_excludes_values_outside_span PASSED [ 71%]
tests/test_image_composite_converter.py::test_in_requested_range_includes_non_reference_filenames PASSED [ 71%]
tests/test_image_composite_converter.py::test_in_requested_range_excludes_non_reference_filenames_for_exact_family_filter PASSED [ 71%]
tests/test_image_composite_converter.py::test_in_requested_range_supports_three_letter_prefixes PASSED [ 71%]
tests/test_image_composite_converter.py::test_in_requested_range_treats_identical_short_bounds_as_prefix_filter PASSED [ 71%]
tests/test_image_composite_converter.py::test_in_requested_range_partial_filter_ignores_size_suffix_in_bounds PASSED [ 71%]
tests/test_image_composite_converter.py::test_in_requested_range_exact_variant_bounds_match_single_variant_only PASSED [ 71%]
tests/test_image_composite_converter.py::test_in_requested_range_supports_one_sided_bounds PASSED [ 71%]
tests/test_image_composite_converter.py::test_convert_range_does_not_skip_variants_in_quality_passes PASSED [ 72%]
tests/test_image_composite_converter.py::test_compute_successful_conversions_error_threshold_returns_mean_plus_two_std PASSED [ 72%]
tests/test_image_composite_converter.py::test_compute_successful_conversions_error_threshold_returns_inf_without_samples PASSED [ 72%]
tests/test_image_composite_converter.py::test_quality_pass_report_records_delta2_and_decision PASSED [ 72%]
tests/test_image_composite_converter.py::test_evaluate_quality_pass_candidate_rejects_full_regression PASSED [ 72%]
tests/test_image_composite_converter.py::test_adaptive_iteration_budget_reduces_for_early_plateau PASSED [ 72%]
tests/test_image_composite_converter.py::test_adaptive_iteration_budget_increases_for_budget_edge_minimum PASSED [ 72%]
tests/test_image_composite_converter.py::test_convert_range_accepts_quality_pass_when_mean_delta2_improves PASSED [ 72%]
tests/test_image_composite_converter.py::test_convert_range_rejects_quality_pass_regression_and_keeps_previous_output PASSED [ 73%]
tests/test_image_composite_converter.py::test_convert_range_writes_svgs_and_diffs_to_dedicated_subfolders PASSED [ 73%]
tests/test_image_composite_converter.py::test_template_transfer_donor_family_compatible PASSED [ 73%]
tests/test_image_composite_converter.py::test_convert_range_filters_to_explicit_selected_variants_and_writes_regression_manifest PASSED [ 73%]
tests/test_image_composite_converter.py::test_load_successful_conversions_uses_manifest_and_allows_non_ac08_entries PASSED [ 73%]
tests/test_image_composite_converter.py::test_load_successful_conversions_expands_manifest_ranges_against_available_variants PASSED [ 73%]
tests/test_image_composite_converter.py::test_write_ac08_success_criteria_report_summarizes_regression_metrics PASSED [ 73%]
tests/test_image_composite_converter.py::test_summarize_previous_good_ac08_variants_detects_regressions PASSED [ 73%]
tests/test_image_composite_converter.py::test_emit_ac08_success_gate_status_warns_for_failed_criteria PASSED [ 74%]
tests/test_image_composite_converter.py::test_emit_ac08_success_gate_status_infos_for_passing_gate PASSED [ 74%]
tests/test_image_composite_converter.py::test_parse_description_extracts_documented_alias_refs PASSED [ 74%]
tests/test_image_composite_converter.py::test_template_transfer_skips_cross_family_donor_for_non_semantic PASSED [ 74%]
tests/test_image_composite_converter.py::test_co2_layout_keeps_subscript_inside_inner_circle_for_centered_badges PASSED [ 74%]
tests/test_image_composite_converter.py::test_co2_layout_keeps_text_within_inner_circle_bounds PASSED [ 74%]
tests/test_image_composite_converter.py::test_optimize_circle_pose_adaptive_domain_improves_and_logs PASSED [ 74%]
tests/test_image_composite_converter.py::test_optimize_circle_pose_adaptive_domain_uses_run_seed_offset PASSED [ 74%]
tests/test_image_composite_converter.py::test_optimize_circle_pose_adaptive_domain_no_improvement PASSED [ 74%]
tests/test_image_composite_converter.py::test_global_parameter_vector_roundtrip_preserves_core_fields PASSED [ 75%]
tests/test_image_composite_converter.py::test_optimize_circle_pose_adaptive_domain_logs_global_vector_metadata PASSED [ 75%]
tests/test_image_composite_converter.py::test_optimize_global_parameter_vector_sampling_improves_multiple_fields PASSED [ 75%]
tests/test_image_composite_converter.py::test_optimize_global_parameter_vector_sampling_logs_global_near_optimum_plateau PASSED [ 75%]
tests/test_image_composite_converter.py::test_optimize_global_parameter_vector_sampling_uses_run_seed_offset PASSED [ 75%]
tests/test_image_composite_converter.py::test_optimize_global_parameter_vector_sampling_can_select_deterministic_track PASSED [ 75%]
tests/test_image_composite_converter.py::test_optimize_global_parameter_vector_sampling_respects_locks_and_bounds PASSED [ 75%]
tests/test_image_composite_converter.py::test_optimize_global_parameter_vector_sampling_disabled_by_default PASSED [ 75%]
tests/test_image_composite_converter.py::test_validate_badge_by_elements_runs_global_search_when_enabled PASSED [ 76%]
tests/test_image_composite_converter.py::test_co2_layout_vertical_centering_ignores_subscript_for_main_text PASSED [ 76%]
tests/test_image_composite_converter.py::test_co2_layout_keeps_subscript_inside_circle_without_changing_main_center PASSED [ 76%]
tests/test_image_composite_converter.py::test_co2_layout_enforces_minimum_subscript_pixel_size PASSED [ 76%]
tests/test_image_composite_converter.py::test_finalize_ac0820_keeps_text_scale_unbounded PASSED [ 76%]
tests/test_image_composite_converter.py::test_finalize_vertical_non_ac0820_co2_keeps_text_scale_unbounded PASSED [ 76%]
tests/test_image_composite_converter.py::test_make_badge_params_applies_ac0831_vertical_co2_tuning PASSED [ 76%]
tests/test_image_composite_converter.py::test_make_badge_params_applies_compact_ac0831_small_variant_text_tuning PASSED [ 76%]
tests/test_image_composite_converter.py::test_make_badge_params_accepts_ac0831_variant_stem_with_size_suffix PASSED [ 77%]
tests/test_image_composite_converter.py::test_make_badge_params_accepts_variant_with_extension_and_case_mixed PASSED [ 77%]
tests/test_image_composite_converter.py::test_make_badge_params_ac0832_l_uses_superscript_two PASSED [ 77%]
tests/test_image_composite_converter.py::test_co2_layout_superscript_keeps_clear_gap_from_o_glyph PASSED [ 77%]
tests/test_image_composite_converter.py::test_normalize_centered_co2_label_reduces_oversized_co_cluster PASSED [ 77%]
tests/test_image_composite_converter.py::test_make_badge_params_ac0820_l_uses_compact_co2_scale PASSED [ 77%]
tests/test_image_composite_converter.py::test_finalize_tiny_non_ac0820_co2_keeps_text_scale_unbounded PASSED [ 77%]
tests/test_image_composite_converter.py::test_release_ac08_adaptive_locks_is_disabled_without_guardrails PASSED [ 77%]
tests/test_image_composite_converter.py::test_optimize_element_color_bracket_respects_adaptive_color_corridor PASSED [ 77%]
tests/test_image_composite_converter.py::test_generate_badge_svg_renders_center_co_as_split_text_nodes PASSED [ 78%]
tests/test_image_composite_converter.py::test_generate_badge_svg_renders_cluster_mode_as_split_text_nodes PASSED [ 78%]
tests/test_image_composite_converter.py::test_make_badge_params_ac0812_family_keeps_left_arm_without_image_fit PASSED [ 78%]
tests/test_image_composite_converter.py::test_enforce_left_arm_badge_geometry_restores_missing_arm PASSED [ 78%]
tests/test_image_composite_converter.py::test_tune_ac08_left_connector_family_keeps_template_right_extent PASSED [ 78%]
tests/test_image_composite_converter.py::test_default_ac0812_uses_height_based_circle_radius PASSED [ 78%]
tests/test_image_composite_converter.py::test_find_elements_detects_multiple_components PASSED [ 78%]
tests/test_image_composite_converter.py::test_fit_ac0812_caps_radius_to_template PASSED [ 78%]
tests/test_image_composite_converter.py::test_fit_ac0812_elongated_variant_uses_stronger_min_arm_ratio PASSED [ 79%]
tests/test_image_composite_converter.py::test_fit_ac0814_tiny_plain_variant_reanchors_circle_to_template PASSED [ 79%]
tests/test_image_composite_converter.py::test_fit_ac0814_tiny_plain_variant_reanchors_arm_to_adjusted_circle PASSED [ 79%]
tests/test_image_composite_converter.py::test_validate_badge_can_expand_ac0812_tiny_circle_radius 