AC0800: AC0800_L nicht harmonisiert (Fehler 10.06 > Basis 6.88)
AC0800: AC0800_M nicht harmonisiert (Fehler 20.76 > Basis 2.40)
AC0800: AC0800_S nicht harmonisiert (Fehler 16.84 > Basis 10.31)
AC0811: AC0811_L nicht harmonisiert (Fehler 6.48 > Basis 4.83)
AC0811: AC0811_M nicht harmonisiert (Fehler 9.70 > Basis 8.54)
AC0811: AC0811_S nicht harmonisiert (Fehler 21.22 > Basis 8.64)
AC0812: AC0812_L nicht harmonisiert (Fehler 7.89 > Basis 6.35)
AC0812: AC0812_M nicht harmonisiert (Fehler 10.86 > Basis 4.12)
AC0812: AC0812_S nicht harmonisiert (Fehler 19.06 > Basis 7.88)
AC0813: AC0813_L nicht harmonisiert (Fehler 7.89 > Basis 6.37)
AC0813: AC0813_M nicht harmonisiert (Fehler 10.89 > Basis 8.91)
AC0813: AC0813_S nicht harmonisiert (Fehler 18.78 > Basis 7.68)
AC0814: AC0814_L nicht harmonisiert (Fehler 10.05 > Basis 8.26)
AC0814: AC0814_M aus AC0814_L harmonisiert (max_delta=0.0267, Fehler 8.50->5.25, Farben fill/stroke=249/120)
AC0814: AC0814_S nicht harmonisiert (Fehler 13.41 > Basis 8.33)
AC0820: AC0820_L nicht harmonisiert (Fehler 49.58 > Basis 24.41)
AC0820: AC0820_M nicht harmonisiert (Fehler 30.93 > Basis 27.55)
AC0820: AC0820_S nicht harmonisiert (Fehler 33.31 > Basis 28.55)
AC0831: AC0831_L nicht harmonisiert (Fehler 19.80 > Basis 16.10)
AC0831: AC0831_M nicht harmonisiert (Fehler 16.54 > Basis 11.64)
AC0831: AC0831_S nicht harmonisiert (Fehler 26.38 > Basis 19.86)
AC0832: AC0832_L nicht harmonisiert (Fehler 19.06 > Basis 15.85)
AC0832: AC0832_M aus AC0832_L harmonisiert (max_delta=0.0556, Fehler 18.70->16.49, Farben fill/stroke=249/120)
AC0832: AC0832_S nicht harmonisiert (Fehler 28.84 > Basis 21.44)
AC0834: AC0834_L nicht harmonisiert (Fehler 17.08 > Basis 16.03)
AC0834: AC0834_M aus AC0834_L harmonisiert (max_delta=0.0800, Fehler 23.30->21.43, Farben fill/stroke=249/120)
AC0834: AC0834_S nicht harmonisiert (Fehler 28.53 > Basis 17.67)
AC0835: AC0835_L nicht harmonisiert (Fehler 30.56 > Basis 26.40)
AC0835: AC0835_M nicht harmonisiert (Fehler 29.70 > Basis 27.84)
AC0835: AC0835_S nicht harmonisiert (Fehler 32.50 > Basis 31.92)
AC0836: AC0836_L nicht harmonisiert (Fehler 30.57 > Basis 26.08)
AC0836: AC0836_M nicht harmonisiert (Fehler 32.54 > Basis 25.70)
AC0836: AC0836_S nicht harmonisiert (Fehler 34.07 > Basis 22.22)
AC0837: AC0837_L nicht harmonisiert (Fehler 21.54 > Basis 17.77)
AC0837: AC0837_M nicht harmonisiert (Fehler 21.47 > Basis 19.90)
AC0837: AC0837_S aus AC0837_L harmonisiert (max_delta=0.1667, Fehler 28.58->21.21, Farben fill/stroke=249/120)
AC0839: AC0839_L nicht harmonisiert (Fehler 20.16 > Basis 18.02)
AC0839: AC0839_M aus AC0839_L harmonisiert (max_delta=0.0800, Fehler 25.25->25.46, Farben fill/stroke=249/120)
AC0839: AC0839_S nicht harmonisiert (Fehler 30.96 > Basis 19.59)
AC0870: AC0870_L nicht harmonisiert (Fehler 36.49 > Basis 16.77)
AC0870: AC0870_M nicht harmonisiert (Fehler 36.28 > Basis 26.56)
AC0870: AC0870_S nicht harmonisiert (Fehler 35.82 > Basis 25.35)
AC0881: AC0881_L nicht harmonisiert (Fehler 13.89 > Basis 12.71)
AC0881: AC0881_M nicht harmonisiert (Fehler 17.59 > Basis 12.69)
AC0881: AC0881_S nicht harmonisiert (Fehler 31.17 > Basis 10.56)
AC0882: AC0882_L nicht harmonisiert (Fehler 15.65 > Basis 11.07)
AC0882: AC0882_M aus AC0882_L harmonisiert (max_delta=0.1417, Fehler 24.50->19.55, Farben fill/stroke=249/120)
AC0882: AC0882_S nicht harmonisiert (Fehler 31.02 > Basis 16.42)
