[INFO] Schreibe Konsolen-Output nach: C:\Users\marku\myCloud\ImageConverter\imageCompositeConverter.local.log
Namen von: Namen bis: [INFO] Verwende Bereich von 'AC0223' bis 'AC0223'.

--- Verarbeite AC0223_L_sia.jpg ---
Bildbeschreibung: Wie AC0221: Wie AC0231, jedoch ohne "M" in der Kelle oben. Geometrische Variante: 180° gedreht.
Befehl erkannt: Kein Compositing-Befehl gefunden
  -> Kein Compositing-Befehl erkannt: verwende Einzelbild-Konvertierung (embedded raster SVG).

--- Verarbeite AC0223_S.jpg ---
Bildbeschreibung: Wie AC0221: Wie AC0231, jedoch ohne "M" in der Kelle oben. Geometrische Variante: 180° gedreht.
Befehl erkannt: SEMANTIC: Kreis ohne Buchstabe, SEMANTIC: senkrechter Strich oben vom Kreis, SEMANTIC: Ventilkopf mit drei Dreiecken oberhalb des Stiels, SEMANTIC: Dreiecks-Spitzen treffen zentriert am oberen Stielende zusammen, SEMANTIC: Drei Dreiecke sind zu einem Polygon vereint

--- Verarbeite AC0223_L.jpg ---
Bildbeschreibung: Wie AC0221: Wie AC0231, jedoch ohne "M" in der Kelle oben. Geometrische Variante: 180° gedreht.
Befehl erkannt: SEMANTIC: Kreis ohne Buchstabe, SEMANTIC: senkrechter Strich oben vom Kreis, SEMANTIC: Ventilkopf mit drei Dreiecken oberhalb des Stiels, SEMANTIC: Dreiecks-Spitzen treffen zentriert am oberen Stielende zusammen, SEMANTIC: Drei Dreiecke sind zu einem Polygon vereint

--- Verarbeite AC0223_M_sia.jpg ---
Bildbeschreibung: Wie AC0221: Wie AC0231, jedoch ohne "M" in der Kelle oben. Geometrische Variante: 180° gedreht.
Befehl erkannt: Kein Compositing-Befehl gefunden
  -> Kein Compositing-Befehl erkannt: verwende Einzelbild-Konvertierung (embedded raster SVG).

--- Verarbeite AC0223_S_sia.jpg ---
Bildbeschreibung: Wie AC0221: Wie AC0231, jedoch ohne "M" in der Kelle oben. Geometrische Variante: 180° gedreht.
Befehl erkannt: Kein Compositing-Befehl gefunden
  -> Kein Compositing-Befehl erkannt: verwende Einzelbild-Konvertierung (embedded raster SVG).

--- Verarbeite AC0223_M.jpg ---
Bildbeschreibung: Wie AC0221: Wie AC0231, jedoch ohne "M" in der Kelle oben. Geometrische Variante: 180° gedreht.
Befehl erkannt: SEMANTIC: Kreis ohne Buchstabe, SEMANTIC: senkrechter Strich oben vom Kreis, SEMANTIC: Ventilkopf mit drei Dreiecken oberhalb des Stiels, SEMANTIC: Dreiecks-Spitzen treffen zentriert am oberen Stielende zusammen, SEMANTIC: Drei Dreiecke sind zu einem Polygon vereint
[INFO] Übersichts-Kacheln erzeugt: diff=C:\Users\marku\myCloud\ImageConverter\artifacts\converted_images\reports\overview_diff_tiles.png, svg=C:\Users\marku\myCloud\ImageConverter\artifacts\converted_images\reports\overview_svg_tiles.png

Abgeschlossen! Ausgaben unter: C:\Users\marku\myCloud\ImageConverter\artifacts\converted_images
